0 verbose cli /data/data/com.termux/files/usr/bin/node /data/data/com.termux/files/usr/bin/npm
1 info using npm@11.8.0
2 info using node@v25.3.0
3 silly config load:file:/data/data/com.termux/files/usr/lib/node_modules/npm/npmrc
4 silly config load:file:/data/data/com.termux/files/home/color-wars-arena/.npmrc
5 silly config load:file:/data/data/com.termux/files/home/.npmrc
6 silly config load:file:/data/data/com.termux/files/usr/etc/npmrc
7 verbose title npm install express socket.io
8 verbose argv "install" "express" "socket.io"
9 verbose logfile logs-max:10 dir:/data/data/com.termux/files/home/.npm/_logs/2026-02-04T16_39_52_777Z-
10 verbose logfile /data/data/com.termux/files/home/.npm/_logs/2026-02-04T16_39_52_777Z-debug-0.log
11 silly logfile start cleaning logs, removing 1 files
12 silly packumentCache heap:827588608 maxSize:206897152 maxEntrySize:103448576
13 silly logfile done cleaning log files
14 silly idealTree buildDeps
15 silly fetch manifest express@*
16 silly packumentCache full:https://registry.npmjs.org/express cache-miss
17 http fetch GET 200 https://registry.npmjs.org/express 1946ms (cache revalidated)
18 silly packumentCache full:https://registry.npmjs.org/express set size:801222 disposed:false
19 silly fetch manifest socket.io@*
20 silly packumentCache full:https://registry.npmjs.org/socket.io cache-miss
21 http fetch GET 200 https://registry.npmjs.org/socket.io 189ms (cache revalidated)
22 silly packumentCache full:https://registry.npmjs.org/socket.io set size:379231 disposed:false
23 silly placeDep ROOT express@5.2.1 OK for: color-wars-arena@1.0.0 want: *
24 silly placeDep ROOT socket.io@4.8.3 OK for: color-wars-arena@1.0.0 want: *
25 silly fetch manifest qs@^6.14.0
26 silly packumentCache full:https://registry.npmjs.org/qs cache-miss
27 silly fetch manifest depd@^2.0.0
28 silly packumentCache full:https://registry.npmjs.org/depd cache-miss
29 silly fetch manifest etag@^1.8.1
30 silly packumentCache full:https://registry.npmjs.org/etag cache-miss
31 silly fetch manifest once@^1.4.0
32 silly packumentCache full:https://registry.npmjs.org/once cache-miss
33 silly fetch manifest send@^1.1.0
34 silly packumentCache full:https://registry.npmjs.org/send cache-miss
35 silly fetch manifest vary@^1.1.2
36 silly packumentCache full:https://registry.npmjs.org/vary cache-miss
37 silly fetch manifest debug@^4.4.0
38 silly packumentCache full:https://registry.npmjs.org/debug cache-miss
39 http fetch GET 200 https://registry.npmjs.org/send 220ms (cache revalidated)
40 silly packumentCache full:https://registry.npmjs.org/send set size:152810 disposed:false
41 silly fetch manifest fresh@^2.0.0
42 silly packumentCache full:https://registry.npmjs.org/fresh cache-miss
43 http fetch GET 200 https://registry.npmjs.org/fresh 311ms (cache revalidated)
44 silly packumentCache full:https://registry.npmjs.org/fresh set size:25427 disposed:false
45 silly fetch manifest cookie@^0.7.1
46 silly packumentCache full:https://registry.npmjs.org/cookie cache-miss
47 http fetch GET 200 https://registry.npmjs.org/etag 1071ms (cache revalidated)
48 silly packumentCache full:https://registry.npmjs.org/etag set size:30032 disposed:false
49 silly fetch manifest router@^2.2.0
50 silly packumentCache full:https://registry.npmjs.org/router cache-miss
51 http fetch GET 200 https://registry.npmjs.org/cookie 544ms (cache revalidated)
52 silly packumentCache full:https://registry.npmjs.org/cookie set size:72891 disposed:false
53 silly fetch manifest accepts@^2.0.0
54 silly packumentCache full:https://registry.npmjs.org/accepts cache-miss
55 http fetch GET 200 https://registry.npmjs.org/qs 1253ms (cache revalidated)
56 silly packumentCache full:https://registry.npmjs.org/qs set size:268000 disposed:false
57 silly fetch manifest type-is@^2.0.1
58 silly packumentCache full:https://registry.npmjs.org/type-is cache-miss
59 http fetch GET 200 https://registry.npmjs.org/once 1284ms (cache revalidated)
60 silly packumentCache full:https://registry.npmjs.org/once set size:11768 disposed:false
61 silly fetch manifest parseurl@^1.3.3
62 silly packumentCache full:https://registry.npmjs.org/parseurl cache-miss
63 http fetch GET 200 https://registry.npmjs.org/debug 1282ms (cache revalidated)
64 silly packumentCache full:https://registry.npmjs.org/debug set size:195840 disposed:false
65 silly fetch manifest statuses@^2.0.1
66 silly packumentCache full:https://registry.npmjs.org/statuses cache-miss
67 http fetch GET 200 https://registry.npmjs.org/vary 1324ms (cache revalidated)
68 silly packumentCache full:https://registry.npmjs.org/vary set size:16018 disposed:false
69 silly fetch manifest encodeurl@^2.0.0
70 silly packumentCache full:https://registry.npmjs.org/encodeurl cache-miss
71 http fetch GET 200 https://registry.npmjs.org/depd 1369ms (cache revalidated)
72 silly packumentCache full:https://registry.npmjs.org/depd set size:40182 disposed:false
73 silly fetch manifest mime-types@^3.0.0
74 silly packumentCache full:https://registry.npmjs.org/mime-types cache-miss
75 http fetch GET 200 https://registry.npmjs.org/parseurl 500ms (cache revalidated)
76 silly packumentCache full:https://registry.npmjs.org/parseurl set size:24148 disposed:false
77 silly fetch manifest proxy-addr@^2.0.7
78 silly packumentCache full:https://registry.npmjs.org/proxy-addr cache-miss
79 http fetch GET 200 https://registry.npmjs.org/router 737ms (cache revalidated)
80 silly packumentCache full:https://registry.npmjs.org/router set size:116499 disposed:false
81 silly fetch manifest body-parser@^2.2.1
82 silly packumentCache full:https://registry.npmjs.org/body-parser cache-miss
83 http fetch GET 200 https://registry.npmjs.org/accepts 720ms (cache revalidated)
84 silly packumentCache full:https://registry.npmjs.org/accepts set size:77054 disposed:false
85 silly fetch manifest escape-html@^1.0.3
86 silly packumentCache full:https://registry.npmjs.org/escape-html cache-miss
87 http fetch GET 200 https://registry.npmjs.org/statuses 566ms (cache revalidated)
88 silly packumentCache full:https://registry.npmjs.org/statuses set size:37117 disposed:false
89 silly fetch manifest http-errors@^2.0.0
90 silly packumentCache full:https://registry.npmjs.org/http-errors cache-miss
91 http fetch GET 200 https://registry.npmjs.org/encodeurl 573ms (cache revalidated)
92 silly packumentCache full:https://registry.npmjs.org/encodeurl set size:12296 disposed:false
93 silly fetch manifest on-finished@^2.4.1
94 silly packumentCache full:https://registry.npmjs.org/on-finished cache-miss
95 http fetch GET 200 https://registry.npmjs.org/mime-types 575ms (cache revalidated)
96 silly packumentCache full:https://registry.npmjs.org/mime-types set size:139110 disposed:false
97 silly fetch manifest content-type@^1.0.5
98 silly packumentCache full:https://registry.npmjs.org/content-type cache-miss
99 http fetch GET 200 https://registry.npmjs.org/type-is 700ms (cache revalidated)
100 silly packumentCache full:https://registry.npmjs.org/type-is set size:86196 disposed:false
101 silly fetch manifest finalhandler@^2.1.0
102 silly packumentCache full:https://registry.npmjs.org/finalhandler cache-miss
103 http fetch GET 200 https://registry.npmjs.org/proxy-addr 574ms (cache revalidated)
104 silly packumentCache full:https://registry.npmjs.org/proxy-addr set size:61619 disposed:false
105 silly fetch manifest range-parser@^1.2.1
106 silly packumentCache full:https://registry.npmjs.org/range-parser cache-miss
107 http fetch GET 200 https://registry.npmjs.org/finalhandler 426ms (cache revalidated)
108 silly packumentCache full:https://registry.npmjs.org/finalhandler set size:79291 disposed:false
109 silly fetch manifest serve-static@^2.2.0
110 silly packumentCache full:https://registry.npmjs.org/serve-static cache-miss
111 http fetch GET 200 https://registry.npmjs.org/on-finished 500ms (cache revalidated)
112 silly packumentCache full:https://registry.npmjs.org/on-finished set size:23212 disposed:false
113 silly fetch manifest cookie-signature@^1.2.1
114 silly packumentCache full:https://registry.npmjs.org/cookie-signature cache-miss
115 http fetch GET 200 https://registry.npmjs.org/http-errors 530ms (cache revalidated)
116 silly packumentCache full:https://registry.npmjs.org/http-errors set size:71987 disposed:false
117 silly fetch manifest merge-descriptors@^2.0.0
118 silly packumentCache full:https://registry.npmjs.org/merge-descriptors cache-miss
119 http fetch GET 200 https://registry.npmjs.org/escape-html 570ms (cache revalidated)
120 silly packumentCache full:https://registry.npmjs.org/escape-html set size:7345 disposed:false
121 silly fetch manifest content-disposition@^1.0.0
122 silly packumentCache full:https://registry.npmjs.org/content-disposition cache-miss
123 http fetch GET 200 https://registry.npmjs.org/body-parser 640ms (cache revalidated)
124 silly packumentCache full:https://registry.npmjs.org/body-parser set size:216830 disposed:false
125 silly fetch manifest accepts@~1.3.4
126 silly packumentCache full:https://registry.npmjs.org/accepts cache-hit
127 silly fetch manifest base64id@~2.0.0
128 silly packumentCache full:https://registry.npmjs.org/base64id cache-miss
129 http fetch GET 200 https://registry.npmjs.org/content-type 566ms (cache revalidated)
130 silly packumentCache full:https://registry.npmjs.org/content-type set size:17311 disposed:false
131 silly fetch manifest cors@~2.8.5
132 silly packumentCache full:https://registry.npmjs.org/cors cache-miss
133 http fetch GET 200 https://registry.npmjs.org/serve-static 241ms (cache revalidated)
134 silly packumentCache full:https://registry.npmjs.org/serve-static set size:150391 disposed:false
135 silly fetch manifest debug@~4.4.1
136 silly packumentCache full:https://registry.npmjs.org/debug cache-hit
137 silly fetch manifest engine.io@~6.6.0
138 silly packumentCache full:https://registry.npmjs.org/engine.io cache-miss
139 http fetch GET 200 https://registry.npmjs.org/range-parser 344ms (cache revalidated)
140 silly packumentCache full:https://registry.npmjs.org/range-parser set size:22228 disposed:false
141 silly fetch manifest socket.io-adapter@~2.5.2
142 silly packumentCache full:https://registry.npmjs.org/socket.io-adapter cache-miss
143 http fetch GET 200 https://registry.npmjs.org/cookie-signature 325ms (cache revalidated)
144 silly packumentCache full:https://registry.npmjs.org/cookie-signature set size:21777 disposed:false
145 silly fetch manifest socket.io-parser@~4.2.4
146 silly packumentCache full:https://registry.npmjs.org/socket.io-parser cache-miss
147 http fetch GET 200 https://registry.npmjs.org/merge-descriptors 350ms (cache revalidated)
148 silly packumentCache full:https://registry.npmjs.org/merge-descriptors set size:16527 disposed:false
149 http fetch GET 200 https://registry.npmjs.org/content-disposition 353ms (cache revalidated)
150 silly packumentCache full:https://registry.npmjs.org/content-disposition set size:34469 disposed:false
151 http fetch GET 200 https://registry.npmjs.org/base64id 323ms (cache revalidated)
152 silly packumentCache full:https://registry.npmjs.org/base64id set size:6136 disposed:false
153 http fetch GET 200 https://registry.npmjs.org/cors 473ms (cache revalidated)
154 silly packumentCache full:https://registry.npmjs.org/cors set size:77956 disposed:false
155 http fetch GET 200 https://registry.npmjs.org/engine.io 448ms (cache revalidated)
156 silly packumentCache full:https://registry.npmjs.org/engine.io set size:383941 disposed:false
157 http fetch GET 200 https://registry.npmjs.org/socket.io-parser 447ms (cache revalidated)
158 silly packumentCache full:https://registry.npmjs.org/socket.io-parser set size:120299 disposed:false
159 http fetch GET 200 https://registry.npmjs.org/socket.io-adapter 521ms (cache revalidated)
160 silly packumentCache full:https://registry.npmjs.org/socket.io-adapter set size:66901 disposed:false
161 silly placeDep ROOT accepts@2.0.0 OK for: express@5.2.1 want: ^2.0.0
162 silly placeDep ROOT body-parser@2.2.2 OK for: express@5.2.1 want: ^2.2.1
163 silly placeDep ROOT content-disposition@1.0.1 OK for: express@5.2.1 want: ^1.0.0
164 silly placeDep ROOT content-type@1.0.5 OK for: express@5.2.1 want: ^1.0.5
165 silly placeDep ROOT cookie@0.7.2 OK for: express@5.2.1 want: ^0.7.1
166 silly placeDep ROOT cookie-signature@1.2.2 OK for: express@5.2.1 want: ^1.2.1
167 silly placeDep ROOT debug@4.4.3 OK for: express@5.2.1 want: ^4.4.0
168 silly placeDep ROOT depd@2.0.0 OK for: express@5.2.1 want: ^2.0.0
169 silly placeDep ROOT encodeurl@2.0.0 OK for: express@5.2.1 want: ^2.0.0
170 silly placeDep ROOT escape-html@1.0.3 OK for: express@5.2.1 want: ^1.0.3
171 silly placeDep ROOT etag@1.8.1 OK for: express@5.2.1 want: ^1.8.1
172 silly placeDep ROOT finalhandler@2.1.1 OK for: express@5.2.1 want: ^2.1.0
173 silly placeDep ROOT fresh@2.0.0 OK for: express@5.2.1 want: ^2.0.0
174 silly placeDep ROOT http-errors@2.0.1 OK for: express@5.2.1 want: ^2.0.0
175 silly placeDep ROOT merge-descriptors@2.0.0 OK for: express@5.2.1 want: ^2.0.0
176 silly placeDep ROOT mime-types@3.0.2 OK for: express@5.2.1 want: ^3.0.0
177 silly placeDep ROOT on-finished@2.4.1 OK for: express@5.2.1 want: ^2.4.1
178 silly placeDep ROOT once@1.4.0 OK for: express@5.2.1 want: ^1.4.0
179 silly placeDep ROOT parseurl@1.3.3 OK for: express@5.2.1 want: ^1.3.3
180 silly placeDep ROOT proxy-addr@2.0.7 OK for: express@5.2.1 want: ^2.0.7
181 silly placeDep ROOT qs@6.14.1 OK for: express@5.2.1 want: ^6.14.0
182 silly placeDep ROOT range-parser@1.2.1 OK for: express@5.2.1 want: ^1.2.1
183 silly placeDep ROOT router@2.2.0 OK for: express@5.2.1 want: ^2.2.0
184 silly placeDep ROOT send@1.2.1 OK for: express@5.2.1 want: ^1.1.0
185 silly placeDep ROOT serve-static@2.2.1 OK for: express@5.2.1 want: ^2.2.0
186 silly placeDep ROOT statuses@2.0.2 OK for: express@5.2.1 want: ^2.0.1
187 silly placeDep ROOT type-is@2.0.1 OK for: express@5.2.1 want: ^2.0.1
188 silly placeDep ROOT vary@1.1.2 OK for: express@5.2.1 want: ^1.1.2
189 silly fetch manifest negotiator@^1.0.0
190 silly packumentCache full:https://registry.npmjs.org/negotiator cache-miss
191 silly fetch manifest bytes@^3.1.2
192 silly packumentCache full:https://registry.npmjs.org/bytes cache-miss
193 silly fetch manifest debug@^4.4.3
194 silly packumentCache full:https://registry.npmjs.org/debug cache-hit
195 silly fetch manifest iconv-lite@^0.7.0
196 silly packumentCache full:https://registry.npmjs.org/iconv-lite cache-miss
197 silly fetch manifest qs@^6.14.1
198 silly packumentCache full:https://registry.npmjs.org/qs cache-hit
199 silly fetch manifest raw-body@^3.0.1
200 silly packumentCache full:https://registry.npmjs.org/raw-body cache-miss
201 silly fetch manifest ms@^2.1.3
202 silly packumentCache full:https://registry.npmjs.org/ms cache-miss
203 silly fetch manifest inherits@~2.0.4
204 silly packumentCache full:https://registry.npmjs.org/inherits cache-miss
205 silly fetch manifest setprototypeof@~1.2.0
206 silly packumentCache full:https://registry.npmjs.org/setprototypeof cache-miss
207 http fetch GET 200 https://registry.npmjs.org/negotiator 277ms (cache revalidated)
208 silly packumentCache full:https://registry.npmjs.org/negotiator set size:48046 disposed:false
209 silly fetch manifest statuses@~2.0.2
210 silly packumentCache full:https://registry.npmjs.org/statuses cache-hit
211 silly fetch manifest toidentifier@~1.0.1
212 silly packumentCache full:https://registry.npmjs.org/toidentifier cache-miss
213 http fetch GET 200 https://registry.npmjs.org/raw-body 272ms (cache revalidated)
214 silly packumentCache full:https://registry.npmjs.org/raw-body set size:117822 disposed:false
215 silly fetch manifest mime-db@^1.54.0
216 silly packumentCache full:https://registry.npmjs.org/mime-db cache-miss
217 http fetch GET 200 https://registry.npmjs.org/iconv-lite 310ms (cache revalidated)
218 silly packumentCache full:https://registry.npmjs.org/iconv-lite set size:120557 disposed:false
219 silly fetch manifest ee-first@1.1.1
220 silly packumentCache full:https://registry.npmjs.org/ee-first cache-miss
221 http fetch GET 200 https://registry.npmjs.org/ms 306ms (cache revalidated)
222 silly packumentCache full:https://registry.npmjs.org/ms set size:92208 disposed:false
223 silly fetch manifest wrappy@1
224 silly packumentCache full:https://registry.npmjs.org/wrappy cache-miss
225 http fetch GET 200 https://registry.npmjs.org/bytes 383ms (cache revalidated)
226 silly packumentCache full:https://registry.npmjs.org/bytes set size:37018 disposed:false
227 silly fetch manifest forwarded@0.2.0
228 silly packumentCache full:https://registry.npmjs.org/forwarded cache-miss
229 http fetch GET 200 https://registry.npmjs.org/setprototypeof 385ms (cache revalidated)
230 silly packumentCache full:https://registry.npmjs.org/setprototypeof set size:14532 disposed:false
231 silly fetch manifest ipaddr.js@1.9.1
232 silly packumentCache full:https://registry.npmjs.org/ipaddr.js cache-miss
233 http fetch GET 200 https://registry.npmjs.org/inherits 406ms (cache revalidated)
234 silly packumentCache full:https://registry.npmjs.org/inherits set size:12925 disposed:false
235 silly fetch manifest side-channel@^1.1.0
236 silly packumentCache full:https://registry.npmjs.org/side-channel cache-miss
237 http fetch GET 200 https://registry.npmjs.org/ee-first 252ms (cache revalidated)
238 silly packumentCache full:https://registry.npmjs.org/ee-first set size:15327 disposed:false
239 silly fetch manifest is-promise@^4.0.0
240 silly packumentCache full:https://registry.npmjs.org/is-promise cache-miss
241 http fetch GET 200 https://registry.npmjs.org/toidentifier 344ms (cache revalidated)
242 silly packumentCache full:https://registry.npmjs.org/toidentifier set size:12006 disposed:false
243 silly fetch manifest path-to-regexp@^8.0.0
244 silly packumentCache full:https://registry.npmjs.org/path-to-regexp cache-miss
245 http fetch GET 200 https://registry.npmjs.org/mime-db 346ms (cache revalidated)
246 silly packumentCache full:https://registry.npmjs.org/mime-db set size:164953 disposed:false
247 silly fetch manifest statuses@^2.0.2
248 silly packumentCache full:https://registry.npmjs.org/statuses cache-hit
249 silly fetch manifest media-typer@^1.1.0
250 silly packumentCache full:https://registry.npmjs.org/media-typer cache-miss
251 http fetch GET 200 https://registry.npmjs.org/forwarded 352ms (cache revalidated)
252 silly packumentCache full:https://registry.npmjs.org/forwarded set size:11229 disposed:false
253 http fetch GET 200 https://registry.npmjs.org/wrappy 403ms (cache revalidated)
254 silly packumentCache full:https://registry.npmjs.org/wrappy set size:7682 disposed:false
255 http fetch GET 200 https://registry.npmjs.org/side-channel 447ms (cache revalidated)
256 silly packumentCache full:https://registry.npmjs.org/side-channel set size:24660 disposed:false
257 http fetch GET 200 https://registry.npmjs.org/ipaddr.js 478ms (cache revalidated)
258 silly packumentCache full:https://registry.npmjs.org/ipaddr.js set size:67857 disposed:false
259 http fetch GET 200 https://registry.npmjs.org/is-promise 524ms (cache revalidated)
260 silly packumentCache full:https://registry.npmjs.org/is-promise set size:18599 disposed:false
261 http fetch GET 200 https://registry.npmjs.org/path-to-regexp 490ms (cache revalidated)
262 silly packumentCache full:https://registry.npmjs.org/path-to-regexp set size:207142 disposed:false
263 http fetch GET 200 https://registry.npmjs.org/media-typer 510ms (cache revalidated)
264 silly packumentCache full:https://registry.npmjs.org/media-typer set size:20873 disposed:false
265 silly placeDep ROOT negotiator@1.0.0 OK for: accepts@2.0.0 want: ^1.0.0
266 silly placeDep ROOT bytes@3.1.2 OK for: body-parser@2.2.2 want: ^3.1.2
267 silly placeDep ROOT iconv-lite@0.7.2 OK for: body-parser@2.2.2 want: ^0.7.0
268 silly placeDep ROOT raw-body@3.0.2 OK for: body-parser@2.2.2 want: ^3.0.1
269 silly fetch manifest safer-buffer@>= 2.1.2 < 3.0.0
270 silly packumentCache full:https://registry.npmjs.org/safer-buffer cache-miss
271 silly fetch manifest unpipe@~1.0.0
272 silly packumentCache full:https://registry.npmjs.org/unpipe cache-miss
273 http fetch GET 200 https://registry.npmjs.org/unpipe 285ms (cache revalidated)
274 silly packumentCache full:https://registry.npmjs.org/unpipe set size:3609 disposed:false
275 http fetch GET 200 https://registry.npmjs.org/safer-buffer 384ms (cache revalidated)
276 silly packumentCache full:https://registry.npmjs.org/safer-buffer set size:18521 disposed:false
277 silly placeDep ROOT ms@2.1.3 OK for: debug@4.4.3 want: ^2.1.3
278 silly placeDep ROOT inherits@2.0.4 OK for: http-errors@2.0.1 want: ~2.0.4
279 silly placeDep ROOT setprototypeof@1.2.0 OK for: http-errors@2.0.1 want: ~1.2.0
280 silly placeDep ROOT toidentifier@1.0.1 OK for: http-errors@2.0.1 want: ~1.0.1
281 silly placeDep ROOT safer-buffer@2.1.2 OK for: iconv-lite@0.7.2 want: >= 2.1.2 < 3.0.0
282 silly placeDep ROOT mime-db@1.54.0 OK for: mime-types@3.0.2 want: ^1.54.0
283 silly placeDep ROOT ee-first@1.1.1 OK for: on-finished@2.4.1 want: 1.1.1
284 silly placeDep ROOT wrappy@1.0.2 OK for: once@1.4.0 want: 1
285 silly placeDep ROOT forwarded@0.2.0 OK for: proxy-addr@2.0.7 want: 0.2.0
286 silly placeDep ROOT ipaddr.js@1.9.1 OK for: proxy-addr@2.0.7 want: 1.9.1
287 silly placeDep ROOT side-channel@1.1.0 OK for: qs@6.14.1 want: ^1.1.0
288 silly fetch manifest es-errors@^1.3.0
289 silly packumentCache full:https://registry.npmjs.org/es-errors cache-miss
290 silly fetch manifest object-inspect@^1.13.3
291 silly packumentCache full:https://registry.npmjs.org/object-inspect cache-miss
292 silly fetch manifest side-channel-list@^1.0.0
293 silly packumentCache full:https://registry.npmjs.org/side-channel-list cache-miss
294 silly fetch manifest side-channel-map@^1.0.1
295 silly packumentCache full:https://registry.npmjs.org/side-channel-map cache-miss
296 silly fetch manifest side-channel-weakmap@^1.0.2
297 silly packumentCache full:https://registry.npmjs.org/side-channel-weakmap cache-miss
298 http fetch GET 200 https://registry.npmjs.org/object-inspect 288ms (cache revalidated)
299 silly packumentCache full:https://registry.npmjs.org/object-inspect set size:101912 disposed:false
300 http fetch GET 200 https://registry.npmjs.org/es-errors 316ms (cache revalidated)
301 silly packumentCache full:https://registry.npmjs.org/es-errors set size:16918 disposed:false
302 http fetch GET 200 https://registry.npmjs.org/side-channel-list 320ms (cache revalidated)
303 silly packumentCache full:https://registry.npmjs.org/side-channel-list set size:6005 disposed:false
304 http fetch GET 200 https://registry.npmjs.org/side-channel-map 325ms (cache revalidated)
305 silly packumentCache full:https://registry.npmjs.org/side-channel-map set size:9126 disposed:false
306 http fetch GET 200 https://registry.npmjs.org/side-channel-weakmap 331ms (cache revalidated)
307 silly packumentCache full:https://registry.npmjs.org/side-channel-weakmap set size:12620 disposed:false
308 silly placeDep ROOT unpipe@1.0.0 OK for: raw-body@3.0.2 want: ~1.0.0
309 silly placeDep ROOT is-promise@4.0.0 OK for: router@2.2.0 want: ^4.0.0
310 silly placeDep ROOT path-to-regexp@8.3.0 OK for: router@2.2.0 want: ^8.0.0
311 silly placeDep ROOT es-errors@1.3.0 OK for: side-channel@1.1.0 want: ^1.3.0
312 silly placeDep ROOT object-inspect@1.13.4 OK for: side-channel@1.1.0 want: ^1.13.3
313 silly placeDep ROOT side-channel-list@1.0.0 OK for: side-channel@1.1.0 want: ^1.0.0
314 silly placeDep ROOT side-channel-map@1.0.1 OK for: side-channel@1.1.0 want: ^1.0.1
315 silly placeDep ROOT side-channel-weakmap@1.0.2 OK for: side-channel@1.1.0 want: ^1.0.2
316 silly fetch manifest call-bound@^1.0.2
317 silly packumentCache full:https://registry.npmjs.org/call-bound cache-miss
318 silly fetch manifest get-intrinsic@^1.2.5
319 silly packumentCache full:https://registry.npmjs.org/get-intrinsic cache-miss
320 silly fetch manifest call-bound@^1.0.2
321 silly packumentCache full:https://registry.npmjs.org/call-bound cache-miss
322 silly fetch manifest get-intrinsic@^1.2.5
323 silly packumentCache full:https://registry.npmjs.org/get-intrinsic cache-miss
324 http fetch GET 200 https://registry.npmjs.org/call-bound 242ms (cache revalidated)
325 silly packumentCache full:https://registry.npmjs.org/call-bound set size:15317 disposed:false
326 http fetch GET 200 https://registry.npmjs.org/call-bound 245ms (cache revalidated)
327 silly packumentCache full:https://registry.npmjs.org/call-bound set size:15317 disposed:false
328 silly packumentCache full:https://registry.npmjs.org/call-bound dispose
329 http fetch GET 200 https://registry.npmjs.org/get-intrinsic 257ms (cache revalidated)
330 silly packumentCache full:https://registry.npmjs.org/get-intrinsic set size:60985 disposed:false
331 http fetch GET 200 https://registry.npmjs.org/get-intrinsic 266ms (cache revalidated)
332 silly packumentCache full:https://registry.npmjs.org/get-intrinsic set size:60985 disposed:false
333 silly packumentCache full:https://registry.npmjs.org/get-intrinsic dispose
334 silly placeDep ROOT call-bound@1.0.4 OK for: side-channel-map@1.0.1 want: ^1.0.2
335 silly placeDep ROOT get-intrinsic@1.3.0 OK for: side-channel-map@1.0.1 want: ^1.2.5
336 silly fetch manifest call-bind-apply-helpers@^1.0.2
337 silly packumentCache full:https://registry.npmjs.org/call-bind-apply-helpers cache-miss
338 silly fetch manifest get-intrinsic@^1.3.0
339 silly packumentCache full:https://registry.npmjs.org/get-intrinsic cache-hit
340 silly fetch manifest gopd@^1.2.0
341 silly packumentCache full:https://registry.npmjs.org/gopd cache-miss
342 silly fetch manifest hasown@^2.0.2
343 silly packumentCache full:https://registry.npmjs.org/hasown cache-miss
344 silly fetch manifest get-proto@^1.0.1
345 silly packumentCache full:https://registry.npmjs.org/get-proto cache-miss
346 silly fetch manifest has-symbols@^1.1.0
347 silly packumentCache full:https://registry.npmjs.org/has-symbols cache-miss
348 silly fetch manifest function-bind@^1.1.2
349 silly packumentCache full:https://registry.npmjs.org/function-bind cache-miss
350 silly fetch manifest es-object-atoms@^1.1.1
351 silly packumentCache full:https://registry.npmjs.org/es-object-atoms cache-miss
352 http fetch GET 200 https://registry.npmjs.org/gopd 170ms (cache revalidated)
353 silly packumentCache full:https://registry.npmjs.org/gopd set size:11458 disposed:false
354 silly fetch manifest math-intrinsics@^1.1.0
355 silly packumentCache full:https://registry.npmjs.org/math-intrinsics cache-miss
356 http fetch GET 200 https://registry.npmjs.org/get-proto 348ms (cache revalidated)
357 silly packumentCache full:https://registry.npmjs.org/get-proto set size:8300 disposed:false
358 silly fetch manifest es-define-property@^1.0.1
359 silly packumentCache full:https://registry.npmjs.org/es-define-property cache-miss
360 http fetch GET 200 https://registry.npmjs.org/es-object-atoms 340ms (cache revalidated)
361 silly packumentCache full:https://registry.npmjs.org/es-object-atoms set size:15304 disposed:false
362 silly fetch manifest call-bind-apply-helpers@^1.0.2
363 silly packumentCache full:https://registry.npmjs.org/call-bind-apply-helpers cache-miss
364 http fetch GET 200 https://registry.npmjs.org/function-bind 366ms (cache revalidated)
365 silly packumentCache full:https://registry.npmjs.org/function-bind set size:15733 disposed:false
366 http fetch GET 200 https://registry.npmjs.org/has-symbols 376ms (cache revalidated)
367 silly packumentCache full:https://registry.npmjs.org/has-symbols set size:21550 disposed:false
368 http fetch GET 200 https://registry.npmjs.org/hasown 390ms (cache revalidated)
369 silly packumentCache full:https://registry.npmjs.org/hasown set size:12476 disposed:false
370 http fetch GET 200 https://registry.npmjs.org/call-bind-apply-helpers 408ms (cache revalidated)
371 silly packumentCache full:https://registry.npmjs.org/call-bind-apply-helpers set size:12744 disposed:false
372 http cache https://registry.npmjs.org/call-bind-apply-helpers 51ms (cache hit)
373 silly packumentCache full:https://registry.npmjs.org/call-bind-apply-helpers set size:12744 disposed:false
374 silly packumentCache full:https://registry.npmjs.org/call-bind-apply-helpers dispose
375 http fetch GET 200 https://registry.npmjs.org/math-intrinsics 350ms (cache revalidated)
376 silly packumentCache full:https://registry.npmjs.org/math-intrinsics set size:9265 disposed:false
377 http fetch GET 200 https://registry.npmjs.org/es-define-property 250ms (cache revalidated)
378 silly packumentCache full:https://registry.npmjs.org/es-define-property set size:8542 disposed:false
379 silly placeDep ROOT call-bind-apply-helpers@1.0.2 OK for: call-bound@1.0.4 want: ^1.0.2
380 silly placeDep ROOT function-bind@1.1.2 OK for: call-bind-apply-helpers@1.0.2 want: ^1.1.2
381 silly placeDep ROOT es-define-property@1.0.1 OK for: get-intrinsic@1.3.0 want: ^1.0.1
382 silly placeDep ROOT es-object-atoms@1.1.1 OK for: get-intrinsic@1.3.0 want: ^1.1.1
383 silly placeDep ROOT get-proto@1.0.1 OK for: get-intrinsic@1.3.0 want: ^1.0.1
384 silly placeDep ROOT gopd@1.2.0 OK for: get-intrinsic@1.3.0 want: ^1.2.0
385 silly placeDep ROOT has-symbols@1.1.0 OK for: get-intrinsic@1.3.0 want: ^1.1.0
386 silly placeDep ROOT hasown@2.0.2 OK for: get-intrinsic@1.3.0 want: ^2.0.2
387 silly placeDep ROOT math-intrinsics@1.1.0 OK for: get-intrinsic@1.3.0 want: ^1.1.0
388 silly fetch manifest dunder-proto@^1.0.1
389 silly packumentCache full:https://registry.npmjs.org/dunder-proto cache-miss
390 http fetch GET 200 https://registry.npmjs.org/dunder-proto 219ms (cache revalidated)
391 silly packumentCache full:https://registry.npmjs.org/dunder-proto set size:8256 disposed:false
392 silly placeDep ROOT dunder-proto@1.0.1 OK for: get-proto@1.0.1 want: ^1.0.1
393 silly placeDep node_modules/socket.io accepts@1.3.8 OK for: socket.io@4.8.3 want: ~1.3.4
394 silly placeDep ROOT base64id@2.0.0 OK for: socket.io@4.8.3 want: ~2.0.0
395 silly placeDep ROOT cors@2.8.6 OK for: socket.io@4.8.3 want: ~2.8.5
396 silly placeDep ROOT engine.io@6.6.5 OK for: socket.io@4.8.3 want: ~6.6.0
397 silly placeDep ROOT socket.io-adapter@2.5.6 OK for: socket.io@4.8.3 want: ~2.5.2
398 silly placeDep ROOT socket.io-parser@4.2.5 OK for: socket.io@4.8.3 want: ~4.2.4
399 silly fetch manifest mime-types@~2.1.34
400 silly packumentCache full:https://registry.npmjs.org/mime-types cache-hit
401 silly fetch manifest negotiator@0.6.3
402 silly packumentCache full:https://registry.npmjs.org/negotiator cache-hit
403 silly fetch manifest object-assign@^4
404 silly packumentCache full:https://registry.npmjs.org/object-assign cache-miss
405 silly fetch manifest @types/cors@^2.8.12
406 silly packumentCache full:https://registry.npmjs.org/@types%2fcors cache-miss
407 silly fetch manifest @types/node@>=10.0.0
408 silly packumentCache full:https://registry.npmjs.org/@types%2fnode cache-miss
409 silly fetch manifest engine.io-parser@~5.2.1
410 silly packumentCache full:https://registry.npmjs.org/engine.io-parser cache-miss
411 silly fetch manifest ws@~8.18.3
412 silly packumentCache full:https://registry.npmjs.org/ws cache-miss
413 silly fetch manifest ws@~8.18.3
414 silly packumentCache full:https://registry.npmjs.org/ws cache-miss
415 silly fetch manifest @socket.io/component-emitter@~3.1.0
416 silly packumentCache full:https://registry.npmjs.org/@socket.io%2fcomponent-emitter cache-miss
417 http fetch GET 200 https://registry.npmjs.org/object-assign 160ms (cache revalidated)
418 silly packumentCache full:https://registry.npmjs.org/object-assign set size:28988 disposed:false
419 http fetch GET 200 https://registry.npmjs.org/engine.io-parser 203ms (cache revalidated)
420 silly packumentCache full:https://registry.npmjs.org/engine.io-parser set size:116455 disposed:false
421 http fetch GET 200 https://registry.npmjs.org/ws 209ms (cache revalidated)
422 silly packumentCache full:https://registry.npmjs.org/ws set size:413307 disposed:false
423 http fetch GET 200 https://registry.npmjs.org/@types%2fcors 289ms (cache revalidated)
424 silly packumentCache full:https://registry.npmjs.org/@types%2fcors set size:56991 disposed:false
425 http fetch GET 200 https://registry.npmjs.org/ws 282ms (cache revalidated)
426 silly packumentCache full:https://registry.npmjs.org/ws set size:413307 disposed:false
427 silly packumentCache full:https://registry.npmjs.org/ws dispose
428 http fetch GET 200 https://registry.npmjs.org/@socket.io%2fcomponent-emitter 315ms (cache revalidated)
429 silly packumentCache full:https://registry.npmjs.org/@socket.io%2fcomponent-emitter set size:14099 disposed:false
430 http fetch GET 200 https://registry.npmjs.org/@types%2fnode 460ms (cache revalidated)
431 silly packumentCache full:https://registry.npmjs.org/@types%2fnode set size:10819254 disposed:false
432 silly placeDep ROOT object-assign@4.1.1 OK for: cors@2.8.6 want: ^4
433 silly fetch manifest bufferutil@^4.0.1
434 silly packumentCache full:https://registry.npmjs.org/bufferutil cache-miss
435 http fetch GET 200 https://registry.npmjs.org/bufferutil 417ms (cache revalidated)
436 silly packumentCache full:https://registry.npmjs.org/bufferutil set size:52763 disposed:false
437 silly fetch manifest utf-8-validate@>=5.0.2
438 silly packumentCache full:https://registry.npmjs.org/utf-8-validate cache-miss
439 http fetch GET 200 https://registry.npmjs.org/utf-8-validate 641ms (cache revalidated)
440 silly packumentCache full:https://registry.npmjs.org/utf-8-validate set size:77148 disposed:false
441 silly placeDep ROOT @types/cors@2.8.19 OK for: engine.io@6.6.5 want: ^2.8.12
442 silly placeDep ROOT @types/node@25.2.0 OK for: engine.io@6.6.5 want: >=10.0.0
443 silly placeDep node_modules/engine.io accepts@1.3.8 OK for: engine.io@6.6.5 want: ~1.3.4
444 silly placeDep ROOT engine.io-parser@5.2.3 OK for: engine.io@6.6.5 want: ~5.2.1
445 silly placeDep ROOT ws@8.18.3 OK for: engine.io@6.6.5 want: ~8.18.3
446 silly fetch manifest @types/node@*
447 silly packumentCache full:https://registry.npmjs.org/@types%2fnode cache-miss
448 silly fetch manifest undici-types@~7.16.0
449 silly packumentCache full:https://registry.npmjs.org/undici-types cache-miss
450 http cache https://registry.npmjs.org/@types%2fnode 177ms (cache hit)
451 silly packumentCache full:https://registry.npmjs.org/@types%2fnode set size:10819254 disposed:false
452 http fetch GET 200 https://registry.npmjs.org/undici-types 1019ms (cache revalidated)
453 silly packumentCache full:https://registry.npmjs.org/undici-types set size:167447 disposed:false
454 silly placeDep ROOT undici-types@7.16.0 OK for: @types/node@25.2.0 want: ~7.16.0
455 silly placeDep ROOT @socket.io/component-emitter@3.1.2 OK for: socket.io-parser@4.2.5 want: ~3.1.0
456 silly placeDep ROOT media-typer@1.1.0 OK for: type-is@2.0.1 want: ^1.1.0
457 silly placeDep node_modules/engine.io mime-types@2.1.35 OK for: accepts@1.3.8 want: ~2.1.34
458 silly placeDep node_modules/engine.io negotiator@0.6.3 OK for: accepts@1.3.8 want: 0.6.3
459 silly fetch manifest mime-db@1.52.0
460 silly packumentCache full:https://registry.npmjs.org/mime-db cache-hit
461 silly placeDep node_modules/engine.io mime-db@1.52.0 OK for: mime-types@2.1.35 want: 1.52.0
462 silly placeDep node_modules/socket.io mime-types@2.1.35 OK for: accepts@1.3.8 want: ~2.1.34
463 silly placeDep node_modules/socket.io negotiator@0.6.3 OK for: accepts@1.3.8 want: 0.6.3
464 silly placeDep node_modules/socket.io mime-db@1.52.0 OK for: mime-types@2.1.35 want: 1.52.0
465 silly reify moves {}
466 silly audit bulk request {
466 silly audit   express: [ '5.2.1' ],
466 silly audit   'socket.io': [ '4.8.3' ],
466 silly audit   accepts: [ '2.0.0', '1.3.8' ],
466 silly audit   'body-parser': [ '2.2.2' ],
466 silly audit   'content-disposition': [ '1.0.1' ],
466 silly audit   'content-type': [ '1.0.5' ],
466 silly audit   cookie: [ '0.7.2' ],
466 silly audit   'cookie-signature': [ '1.2.2' ],
466 silly audit   debug: [ '4.4.3' ],
466 silly audit   depd: [ '2.0.0' ],
466 silly audit   encodeurl: [ '2.0.0' ],
466 silly audit   'escape-html': [ '1.0.3' ],
466 silly audit   etag: [ '1.8.1' ],
466 silly audit   finalhandler: [ '2.1.1' ],
466 silly audit   fresh: [ '2.0.0' ],
466 silly audit   'http-errors': [ '2.0.1' ],
466 silly audit   'merge-descriptors': [ '2.0.0' ],
466 silly audit   'mime-types': [ '3.0.2', '2.1.35' ],
466 silly audit   'on-finished': [ '2.4.1' ],
466 silly audit   once: [ '1.4.0' ],
466 silly audit   parseurl: [ '1.3.3' ],
466 silly audit   'proxy-addr': [ '2.0.7' ],
466 silly audit   qs: [ '6.14.1' ],
466 silly audit   'range-parser': [ '1.2.1' ],
466 silly audit   router: [ '2.2.0' ],
466 silly audit   send: [ '1.2.1' ],
466 silly audit   'serve-static': [ '2.2.1' ],
466 silly audit   statuses: [ '2.0.2' ],
466 silly audit   'type-is': [ '2.0.1' ],
466 silly audit   vary: [ '1.1.2' ],
466 silly audit   negotiator: [ '1.0.0', '0.6.3' ],
466 silly audit   bytes: [ '3.1.2' ],
466 silly audit   'iconv-lite': [ '0.7.2' ],
466 silly audit   'raw-body': [ '3.0.2' ],
466 silly audit   ms: [ '2.1.3' ],
466 silly audit   inherits: [ '2.0.4' ],
466 silly audit   setprototypeof: [ '1.2.0' ],
466 silly audit   toidentifier: [ '1.0.1' ],
466 silly audit   'safer-buffer': [ '2.1.2' ],
466 silly audit   'mime-db': [ '1.54.0', '1.52.0' ],
466 silly audit   'ee-first': [ '1.1.1' ],
466 silly audit   wrappy: [ '1.0.2' ],
466 silly audit   forwarded: [ '0.2.0' ],
466 silly audit   'ipaddr.js': [ '1.9.1' ],
466 silly audit   'side-channel': [ '1.1.0' ],
466 silly audit   unpipe: [ '1.0.0' ],
466 silly audit   'is-promise': [ '4.0.0' ],
466 silly audit   'path-to-regexp': [ '8.3.0' ],
466 silly audit   'es-errors': [ '1.3.0' ],
466 silly audit   'object-inspect': [ '1.13.4' ],
466 silly audit   'side-channel-list': [ '1.0.0' ],
466 silly audit   'side-channel-map': [ '1.0.1' ],
466 silly audit   'side-channel-weakmap': [ '1.0.2' ],
466 silly audit   'call-bound': [ '1.0.4' ],
466 silly audit   'get-intrinsic': [ '1.3.0' ],
466 silly audit   'call-bind-apply-helpers': [ '1.0.2' ],
466 silly audit   'function-bind': [ '1.1.2' ],
466 silly audit   'es-define-property': [ '1.0.1' ],
466 silly audit   'es-object-atoms': [ '1.1.1' ],
466 silly audit   'get-proto': [ '1.0.1' ],
466 silly audit   gopd: [ '1.2.0' ],
466 silly audit   'has-symbols': [ '1.1.0' ],
466 silly audit   hasown: [ '2.0.2' ],
466 silly audit   'math-intrinsics': [ '1.1.0' ],
466 silly audit   'dunder-proto': [ '1.0.1' ],
466 silly audit   base64id: [ '2.0.0' ],
466 silly audit   cors: [ '2.8.6' ],
466 silly audit   'engine.io': [ '6.6.5' ],
466 silly audit   'socket.io-adapter': [ '2.5.6' ],
466 silly audit   'socket.io-parser': [ '4.2.5' ],
466 silly audit   'object-assign': [ '4.1.1' ],
466 silly audit   '@types/cors': [ '2.8.19' ],
466 silly audit   '@types/node': [ '25.2.0' ],
466 silly audit   'engine.io-parser': [ '5.2.3' ],
466 silly audit   ws: [ '8.18.3' ],
466 silly audit   'undici-types': [ '7.16.0' ],
466 silly audit   '@socket.io/component-emitter': [ '3.1.2' ],
466 silly audit   'media-typer': [ '1.1.0' ]
466 silly audit }
467 http cache media-typer@https://registry.npmjs.org/media-typer/-/media-typer-1.1.0.tgz 0ms (cache hit)
468 http cache @socket.io/component-emitter@https://registry.npmjs.org/@socket.io/component-emitter/-/component-emitter-3.1.2.tgz 0ms (cache hit)
469 http cache undici-types@https://registry.npmjs.org/undici-types/-/undici-types-7.16.0.tgz 0ms (cache hit)
470 http cache ws@https://registry.npmjs.org/ws/-/ws-8.18.3.tgz 0ms (cache hit)
471 http cache engine.io-parser@https://registry.npmjs.org/engine.io-parser/-/engine.io-parser-5.2.3.tgz 0ms (cache hit)
472 http cache @types/node@https://registry.npmjs.org/@types/node/-/node-25.2.0.tgz 1ms (cache hit)
473 http cache object-assign@https://registry.npmjs.org/object-assign/-/object-assign-4.1.1.tgz 0ms (cache hit)
474 http cache socket.io-parser@https://registry.npmjs.org/socket.io-parser/-/socket.io-parser-4.2.5.tgz 0ms (cache hit)
475 http cache engine.io@https://registry.npmjs.org/engine.io/-/engine.io-6.6.5.tgz 0ms (cache hit)
476 http cache socket.io-adapter@https://registry.npmjs.org/socket.io-adapter/-/socket.io-adapter-2.5.6.tgz 0ms (cache hit)
477 http cache base64id@https://registry.npmjs.org/base64id/-/base64id-2.0.0.tgz 0ms (cache hit)
478 http cache cors@https://registry.npmjs.org/cors/-/cors-2.8.6.tgz 0ms (cache hit)
479 http cache @types/cors@https://registry.npmjs.org/@types/cors/-/cors-2.8.19.tgz 1ms (cache hit)
480 http cache hasown@https://registry.npmjs.org/hasown/-/hasown-2.0.2.tgz 0ms (cache hit)
481 http cache math-intrinsics@https://registry.npmjs.org/math-intrinsics/-/math-intrinsics-1.1.0.tgz 0ms (cache hit)
482 http cache has-symbols@https://registry.npmjs.org/has-symbols/-/has-symbols-1.1.0.tgz 0ms (cache hit)
483 http cache dunder-proto@https://registry.npmjs.org/dunder-proto/-/dunder-proto-1.0.1.tgz 0ms (cache hit)
484 http cache es-object-atoms@https://registry.npmjs.org/es-object-atoms/-/es-object-atoms-1.1.1.tgz 0ms (cache hit)
485 http cache get-proto@https://registry.npmjs.org/get-proto/-/get-proto-1.0.1.tgz 0ms (cache hit)
486 http cache gopd@https://registry.npmjs.org/gopd/-/gopd-1.2.0.tgz 0ms (cache hit)
487 http cache function-bind@https://registry.npmjs.org/function-bind/-/function-bind-1.1.2.tgz 0ms (cache hit)
488 http cache call-bind-apply-helpers@https://registry.npmjs.org/call-bind-apply-helpers/-/call-bind-apply-helpers-1.0.2.tgz 1ms (cache hit)
489 http cache es-define-property@https://registry.npmjs.org/es-define-property/-/es-define-property-1.0.1.tgz 0ms (cache hit)
490 http cache get-intrinsic@https://registry.npmjs.org/get-intrinsic/-/get-intrinsic-1.3.0.tgz 0ms (cache hit)
491 http cache call-bound@https://registry.npmjs.org/call-bound/-/call-bound-1.0.4.tgz 0ms (cache hit)
492 http cache side-channel-map@https://registry.npmjs.org/side-channel-map/-/side-channel-map-1.0.1.tgz 0ms (cache hit)
493 http cache side-channel-weakmap@https://registry.npmjs.org/side-channel-weakmap/-/side-channel-weakmap-1.0.2.tgz 0ms (cache hit)
494 http cache object-inspect@https://registry.npmjs.org/object-inspect/-/object-inspect-1.13.4.tgz 0ms (cache hit)
495 http cache es-errors@https://registry.npmjs.org/es-errors/-/es-errors-1.3.0.tgz 0ms (cache hit)
496 http cache side-channel-list@https://registry.npmjs.org/side-channel-list/-/side-channel-list-1.0.0.tgz 0ms (cache hit)
497 http cache is-promise@https://registry.npmjs.org/is-promise/-/is-promise-4.0.0.tgz 0ms (cache hit)
498 http cache unpipe@https://registry.npmjs.org/unpipe/-/unpipe-1.0.0.tgz 0ms (cache hit)
499 http cache path-to-regexp@https://registry.npmjs.org/path-to-regexp/-/path-to-regexp-8.3.0.tgz 0ms (cache hit)
500 http cache ipaddr.js@https://registry.npmjs.org/ipaddr.js/-/ipaddr.js-1.9.1.tgz 0ms (cache hit)
501 http cache forwarded@https://registry.npmjs.org/forwarded/-/forwarded-0.2.0.tgz 0ms (cache hit)
502 http cache side-channel@https://registry.npmjs.org/side-channel/-/side-channel-1.1.0.tgz 0ms (cache hit)
503 http cache ee-first@https://registry.npmjs.org/ee-first/-/ee-first-1.1.1.tgz 0ms (cache hit)
504 http cache mime-db@https://registry.npmjs.org/mime-db/-/mime-db-1.54.0.tgz 0ms (cache hit)
505 http cache wrappy@https://registry.npmjs.org/wrappy/-/wrappy-1.0.2.tgz 0ms (cache hit)
506 http cache toidentifier@https://registry.npmjs.org/toidentifier/-/toidentifier-1.0.1.tgz 0ms (cache hit)
507 http cache setprototypeof@https://registry.npmjs.org/setprototypeof/-/setprototypeof-1.2.0.tgz 0ms (cache hit)
508 http cache safer-buffer@https://registry.npmjs.org/safer-buffer/-/safer-buffer-2.1.2.tgz 0ms (cache hit)
509 http cache inherits@https://registry.npmjs.org/inherits/-/inherits-2.0.4.tgz 0ms (cache hit)
510 http cache ms@https://registry.npmjs.org/ms/-/ms-2.1.3.tgz 0ms (cache hit)
511 http cache raw-body@https://registry.npmjs.org/raw-body/-/raw-body-3.0.2.tgz 0ms (cache hit)
512 http cache iconv-lite@https://registry.npmjs.org/iconv-lite/-/iconv-lite-0.7.2.tgz 0ms (cache hit)
513 http cache bytes@https://registry.npmjs.org/bytes/-/bytes-3.1.2.tgz 0ms (cache hit)
514 http cache negotiator@https://registry.npmjs.org/negotiator/-/negotiator-1.0.0.tgz 0ms (cache hit)
515 http cache vary@https://registry.npmjs.org/vary/-/vary-1.1.2.tgz 0ms (cache hit)
516 http cache serve-static@https://registry.npmjs.org/serve-static/-/serve-static-2.2.1.tgz 0ms (cache hit)
517 http cache send@https://registry.npmjs.org/send/-/send-1.2.1.tgz 0ms (cache hit)
518 http cache statuses@https://registry.npmjs.org/statuses/-/statuses-2.0.2.tgz 0ms (cache hit)
519 http cache type-is@https://registry.npmjs.org/type-is/-/type-is-2.0.1.tgz 0ms (cache hit)
520 http cache router@https://registry.npmjs.org/router/-/router-2.2.0.tgz 0ms (cache hit)
521 http cache range-parser@https://registry.npmjs.org/range-parser/-/range-parser-1.2.1.tgz 0ms (cache hit)
522 http cache parseurl@https://registry.npmjs.org/parseurl/-/parseurl-1.3.3.tgz 0ms (cache hit)
523 http cache once@https://registry.npmjs.org/once/-/once-1.4.0.tgz 0ms (cache hit)
524 http cache qs@https://registry.npmjs.org/qs/-/qs-6.14.1.tgz 0ms (cache hit)
525 http cache proxy-addr@https://registry.npmjs.org/proxy-addr/-/proxy-addr-2.0.7.tgz 0ms (cache hit)
526 http cache mime-types@https://registry.npmjs.org/mime-types/-/mime-types-3.0.2.tgz 0ms (cache hit)
527 http cache on-finished@https://registry.npmjs.org/on-finished/-/on-finished-2.4.1.tgz 0ms (cache hit)
528 http cache http-errors@https://registry.npmjs.org/http-errors/-/http-errors-2.0.1.tgz 0ms (cache hit)
529 http cache finalhandler@https://registry.npmjs.org/finalhandler/-/finalhandler-2.1.1.tgz 0ms (cache hit)
530 http cache fresh@https://registry.npmjs.org/fresh/-/fresh-2.0.0.tgz 0ms (cache hit)
531 http cache merge-descriptors@https://registry.npmjs.org/merge-descriptors/-/merge-descriptors-2.0.0.tgz 0ms (cache hit)
532 http cache escape-html@https://registry.npmjs.org/escape-html/-/escape-html-1.0.3.tgz 0ms (cache hit)
533 http cache encodeurl@https://registry.npmjs.org/encodeurl/-/encodeurl-2.0.0.tgz 0ms (cache hit)
534 http cache depd@https://registry.npmjs.org/depd/-/depd-2.0.0.tgz 0ms (cache hit)
535 http cache cookie-signature@https://registry.npmjs.org/cookie-signature/-/cookie-signature-1.2.2.tgz 0ms (cache hit)
536 http cache debug@https://registry.npmjs.org/debug/-/debug-4.4.3.tgz 0ms (cache hit)
537 http cache etag@https://registry.npmjs.org/etag/-/etag-1.8.1.tgz 0ms (cache hit)
538 http cache content-type@https://registry.npmjs.org/content-type/-/content-type-1.0.5.tgz 0ms (cache hit)
539 http cache cookie@https://registry.npmjs.org/cookie/-/cookie-0.7.2.tgz 0ms (cache hit)
540 http cache content-disposition@https://registry.npmjs.org/content-disposition/-/content-disposition-1.0.1.tgz 0ms (cache hit)
541 http cache accepts@https://registry.npmjs.org/accepts/-/accepts-2.0.0.tgz 0ms (cache hit)
542 http cache body-parser@https://registry.npmjs.org/body-parser/-/body-parser-2.2.2.tgz 0ms (cache hit)
543 http cache socket.io@https://registry.npmjs.org/socket.io/-/socket.io-4.8.3.tgz 0ms (cache hit)
544 http cache negotiator@https://registry.npmjs.org/negotiator/-/negotiator-0.6.3.tgz 0ms (cache hit)
545 http cache mime-db@https://registry.npmjs.org/mime-db/-/mime-db-1.52.0.tgz 0ms (cache hit)
546 http cache express@https://registry.npmjs.org/express/-/express-5.2.1.tgz 0ms (cache hit)
547 http cache accepts@https://registry.npmjs.org/accepts/-/accepts-1.3.8.tgz 0ms (cache hit)
548 http cache mime-db@https://registry.npmjs.org/mime-db/-/mime-db-1.52.0.tgz 0ms (cache hit)
549 http cache mime-types@https://registry.npmjs.org/mime-types/-/mime-types-2.1.35.tgz 0ms (cache hit)
550 http cache negotiator@https://registry.npmjs.org/negotiator/-/negotiator-0.6.3.tgz 0ms (cache hit)
551 http cache mime-types@https://registry.npmjs.org/mime-types/-/mime-types-2.1.35.tgz 0ms (cache hit)
552 http cache accepts@https://registry.npmjs.org/accepts/-/accepts-1.3.8.tgz 0ms (cache hit)
553 http fetch POST 200 https://registry.npmjs.org/-/npm/v1/security/advisories/bulk 1225ms
554 silly audit report {}
555 silly ADD node_modules/media-typer
556 silly ADD node_modules/@socket.io/component-emitter
557 silly ADD node_modules/undici-types
558 silly ADD node_modules/ws
559 silly ADD node_modules/engine.io-parser
560 silly ADD node_modules/@types/node
561 silly ADD node_modules/@types/cors
562 silly ADD node_modules/object-assign
563 silly ADD node_modules/socket.io-parser
564 silly ADD node_modules/socket.io-adapter
565 silly ADD node_modules/engine.io
566 silly ADD node_modules/engine.io/node_modules/mime-db
567 silly ADD node_modules/engine.io/node_modules/negotiator
568 silly ADD node_modules/engine.io/node_modules/mime-types
569 silly ADD node_modules/engine.io/node_modules/accepts
570 silly ADD node_modules/cors
571 silly ADD node_modules/base64id
572 silly ADD node_modules/dunder-proto
573 silly ADD node_modules/math-intrinsics
574 silly ADD node_modules/hasown
575 silly ADD node_modules/has-symbols
576 silly ADD node_modules/gopd
577 silly ADD node_modules/get-proto
578 silly ADD node_modules/es-object-atoms
579 silly ADD node_modules/es-define-property
580 silly ADD node_modules/function-bind
581 silly ADD node_modules/call-bind-apply-helpers
582 silly ADD node_modules/get-intrinsic
583 silly ADD node_modules/call-bound
584 silly ADD node_modules/side-channel-weakmap
585 silly ADD node_modules/side-channel-map
586 silly ADD node_modules/side-channel-list
587 silly ADD node_modules/object-inspect
588 silly ADD node_modules/es-errors
589 silly ADD node_modules/path-to-regexp
590 silly ADD node_modules/is-promise
591 silly ADD node_modules/unpipe
592 silly ADD node_modules/side-channel
593 silly ADD node_modules/ipaddr.js
594 silly ADD node_modules/forwarded
595 silly ADD node_modules/wrappy
596 silly ADD node_modules/ee-first
597 silly ADD node_modules/mime-db
598 silly ADD node_modules/safer-buffer
599 silly ADD node_modules/toidentifier
600 silly ADD node_modules/setprototypeof
601 silly ADD node_modules/inherits
602 silly ADD node_modules/ms
603 silly ADD node_modules/raw-body
604 silly ADD node_modules/iconv-lite
605 silly ADD node_modules/bytes
606 silly ADD node_modules/negotiator
607 silly ADD node_modules/vary
608 silly ADD node_modules/type-is
609 silly ADD node_modules/statuses
610 silly ADD node_modules/serve-static
611 silly ADD node_modules/send
612 silly ADD node_modules/router
613 silly ADD node_modules/range-parser
614 silly ADD node_modules/qs
615 silly ADD node_modules/proxy-addr
616 silly ADD node_modules/parseurl
617 silly ADD node_modules/once
618 silly ADD node_modules/on-finished
619 silly ADD node_modules/mime-types
620 silly ADD node_modules/merge-descriptors
621 silly ADD node_modules/http-errors
622 silly ADD node_modules/fresh
623 silly ADD node_modules/finalhandler
624 silly ADD node_modules/etag
625 silly ADD node_modules/escape-html
626 silly ADD node_modules/encodeurl
627 silly ADD node_modules/depd
628 silly ADD node_modules/debug
629 silly ADD node_modules/cookie-signature
630 silly ADD node_modules/cookie
631 silly ADD node_modules/content-type
632 silly ADD node_modules/content-disposition
633 silly ADD node_modules/body-parser
634 silly ADD node_modules/accepts
635 silly ADD node_modules/socket.io
636 silly ADD node_modules/socket.io/node_modules/mime-db
637 silly ADD node_modules/socket.io/node_modules/negotiator
638 silly ADD node_modules/socket.io/node_modules/mime-types
639 silly ADD node_modules/socket.io/node_modules/accepts
640 silly ADD node_modules/express
641 verbose cwd /data/data/com.termux/files/home/color-wars-arena
642 verbose os Linux 4.9.190-perf-g0e966e90518f
643 verbose node v25.3.0
644 verbose npm  v11.8.0
645 verbose exit 0
646 info ok
