0 verbose cli /data/data/com.termux/files/usr/bin/node /data/data/com.termux/files/usr/bin/npm
1 info using npm@11.8.0
2 info using node@v25.3.0
3 silly config load:file:/data/data/com.termux/files/usr/lib/node_modules/npm/npmrc
4 silly config load:file:/data/data/com.termux/files/home/.npmrc
5 silly config load:file:/data/data/com.termux/files/usr/etc/npmrc
6 verbose title npm install
7 verbose argv "install"
8 verbose logfile logs-max:10 dir:/data/data/com.termux/files/home/.npm/_logs/2026-02-04T04_55_57_991Z-
9 verbose logfile /data/data/com.termux/files/home/.npm/_logs/2026-02-04T04_55_57_991Z-debug-0.log
10 silly logfile start cleaning logs, removing 1 files
11 silly logfile done cleaning log files
12 silly packumentCache heap:827588608 maxSize:206897152 maxEntrySize:103448576
13 silly idealTree buildDeps
14 silly fetch manifest express@^4.18.2
15 silly packumentCache full:https://registry.npmjs.org/express cache-miss
16 http fetch GET 200 https://registry.npmjs.org/express 1808ms (cache revalidated)
17 silly packumentCache full:https://registry.npmjs.org/express set size:801222 disposed:false
18 silly fetch manifest bcryptjs@^2.4.3
19 silly packumentCache full:https://registry.npmjs.org/bcryptjs cache-miss
20 http fetch GET 200 https://registry.npmjs.org/bcryptjs 454ms (cache miss)
21 silly packumentCache full:https://registry.npmjs.org/bcryptjs set size:undefined disposed:false
22 silly placeDep ROOT bcryptjs@2.4.3 OK for: color-wars-arena@1.0.0 want: ^2.4.3
23 silly placeDep ROOT express@4.22.1 REPLACE for: color-wars-arena@1.0.0 want: ^4.18.2
24 silly fetch manifest qs@~6.14.0
25 silly packumentCache full:https://registry.npmjs.org/qs cache-miss
26 silly fetch manifest depd@2.0.0
27 silly packumentCache full:https://registry.npmjs.org/depd cache-miss
28 silly fetch manifest etag@~1.8.1
29 silly packumentCache full:https://registry.npmjs.org/etag cache-miss
30 silly fetch manifest send@~0.19.0
31 silly packumentCache full:https://registry.npmjs.org/send cache-miss
32 silly fetch manifest debug@2.6.9
33 silly packumentCache full:https://registry.npmjs.org/debug cache-miss
34 silly fetch manifest fresh@~0.5.2
35 silly packumentCache full:https://registry.npmjs.org/fresh cache-miss
36 silly fetch manifest accepts@~1.3.8
37 silly packumentCache full:https://registry.npmjs.org/accepts cache-miss
38 http fetch GET 200 https://registry.npmjs.org/qs 451ms (cache revalidated)
39 silly packumentCache full:https://registry.npmjs.org/qs set size:268000 disposed:false
40 silly fetch manifest methods@~1.1.2
41 silly packumentCache full:https://registry.npmjs.org/methods cache-miss
42 http fetch GET 200 https://registry.npmjs.org/methods 312ms (cache miss)
43 silly packumentCache full:https://registry.npmjs.org/methods set size:undefined disposed:false
44 silly fetch manifest type-is@~1.6.18
45 silly packumentCache full:https://registry.npmjs.org/type-is cache-miss
46 http fetch GET 200 https://registry.npmjs.org/send 1083ms (cache revalidated)
47 silly packumentCache full:https://registry.npmjs.org/send set size:152810 disposed:false
48 silly fetch manifest parseurl@~1.3.3
49 silly packumentCache full:https://registry.npmjs.org/parseurl cache-miss
50 http fetch GET 200 https://registry.npmjs.org/depd 1134ms (cache revalidated)
51 silly packumentCache full:https://registry.npmjs.org/depd set size:40182 disposed:false
52 silly fetch manifest statuses@~2.0.1
53 silly packumentCache full:https://registry.npmjs.org/statuses cache-miss
54 http fetch GET 200 https://registry.npmjs.org/debug 1144ms (cache revalidated)
55 silly packumentCache full:https://registry.npmjs.org/debug set size:195840 disposed:false
56 silly fetch manifest encodeurl@~2.0.0
57 silly packumentCache full:https://registry.npmjs.org/encodeurl cache-miss
58 http fetch GET 200 https://registry.npmjs.org/type-is 402ms (cache revalidated)
59 silly packumentCache full:https://registry.npmjs.org/type-is set size:86196 disposed:false
60 silly fetch manifest body-parser@~1.20.3
61 silly packumentCache full:https://registry.npmjs.org/body-parser cache-miss
62 http fetch GET 200 https://registry.npmjs.org/fresh 1258ms (cache revalidated)
63 silly packumentCache full:https://registry.npmjs.org/fresh set size:25427 disposed:false
64 silly fetch manifest escape-html@~1.0.3
65 silly packumentCache full:https://registry.npmjs.org/escape-html cache-miss
66 http fetch GET 200 https://registry.npmjs.org/etag 1344ms (cache revalidated)
67 silly packumentCache full:https://registry.npmjs.org/etag set size:30032 disposed:false
68 silly fetch manifest http-errors@~2.0.0
69 silly packumentCache full:https://registry.npmjs.org/http-errors cache-miss
70 http fetch GET 200 https://registry.npmjs.org/accepts 1348ms (cache revalidated)
71 silly packumentCache full:https://registry.npmjs.org/accepts set size:77054 disposed:false
72 silly fetch manifest on-finished@~2.4.1
73 silly packumentCache full:https://registry.npmjs.org/on-finished cache-miss
74 http fetch GET 200 https://registry.npmjs.org/statuses 287ms (cache revalidated)
75 silly packumentCache full:https://registry.npmjs.org/statuses set size:37117 disposed:false
76 silly fetch manifest utils-merge@1.0.1
77 silly packumentCache full:https://registry.npmjs.org/utils-merge cache-miss
78 http fetch GET 200 https://registry.npmjs.org/parseurl 594ms (cache revalidated)
79 silly packumentCache full:https://registry.npmjs.org/parseurl set size:24148 disposed:false
80 silly fetch manifest content-type@~1.0.4
81 silly packumentCache full:https://registry.npmjs.org/content-type cache-miss
82 http fetch GET 200 https://registry.npmjs.org/escape-html 439ms (cache revalidated)
83 silly packumentCache full:https://registry.npmjs.org/escape-html set size:7345 disposed:false
84 silly fetch manifest finalhandler@~1.3.1
85 silly packumentCache full:https://registry.npmjs.org/finalhandler cache-miss
86 http fetch GET 200 https://registry.npmjs.org/http-errors 376ms (cache revalidated)
87 silly packumentCache full:https://registry.npmjs.org/http-errors set size:71987 disposed:false
88 silly fetch manifest range-parser@~1.2.1
89 silly packumentCache full:https://registry.npmjs.org/range-parser cache-miss
90 http fetch GET 200 https://registry.npmjs.org/on-finished 398ms (cache revalidated)
91 silly packumentCache full:https://registry.npmjs.org/on-finished set size:23212 disposed:false
92 silly fetch manifest serve-static@~1.16.2
93 silly packumentCache full:https://registry.npmjs.org/serve-static cache-miss
94 http fetch GET 200 https://registry.npmjs.org/encodeurl 601ms (cache revalidated)
95 silly packumentCache full:https://registry.npmjs.org/encodeurl set size:12296 disposed:false
96 silly fetch manifest array-flatten@1.1.1
97 silly packumentCache full:https://registry.npmjs.org/array-flatten cache-miss
98 http fetch GET 200 https://registry.npmjs.org/body-parser 533ms (cache revalidated)
99 silly packumentCache full:https://registry.npmjs.org/body-parser set size:216830 disposed:false
100 silly fetch manifest path-to-regexp@~0.1.12
101 silly packumentCache full:https://registry.npmjs.org/path-to-regexp cache-miss
102 http fetch GET 200 https://registry.npmjs.org/utils-merge 422ms (cache miss)
103 silly packumentCache full:https://registry.npmjs.org/utils-merge set size:undefined disposed:false
104 silly fetch manifest setprototypeof@1.2.0
105 silly packumentCache full:https://registry.npmjs.org/setprototypeof cache-miss
106 http fetch GET 200 https://registry.npmjs.org/content-type 280ms (cache revalidated)
107 silly packumentCache full:https://registry.npmjs.org/content-type set size:17311 disposed:false
108 silly fetch manifest cookie-signature@~1.0.6
109 silly packumentCache full:https://registry.npmjs.org/cookie-signature cache-miss
110 http fetch GET 200 https://registry.npmjs.org/array-flatten 224ms (cache miss)
111 silly packumentCache full:https://registry.npmjs.org/array-flatten set size:undefined disposed:false
112 silly fetch manifest merge-descriptors@1.0.3
113 silly packumentCache full:https://registry.npmjs.org/merge-descriptors cache-miss
114 http fetch GET 200 https://registry.npmjs.org/range-parser 312ms (cache revalidated)
115 silly packumentCache full:https://registry.npmjs.org/range-parser set size:22228 disposed:false
116 silly fetch manifest content-disposition@~0.5.4
117 silly packumentCache full:https://registry.npmjs.org/content-disposition cache-miss
118 http fetch GET 200 https://registry.npmjs.org/path-to-regexp 245ms (cache revalidated)
119 silly packumentCache full:https://registry.npmjs.org/path-to-regexp set size:207142 disposed:false
120 http fetch GET 200 https://registry.npmjs.org/finalhandler 366ms (cache revalidated)
121 silly packumentCache full:https://registry.npmjs.org/finalhandler set size:79291 disposed:false
122 http fetch GET 200 https://registry.npmjs.org/setprototypeof 307ms (cache revalidated)
123 silly packumentCache full:https://registry.npmjs.org/setprototypeof set size:14532 disposed:false
124 http fetch GET 200 https://registry.npmjs.org/serve-static 408ms (cache revalidated)
125 silly packumentCache full:https://registry.npmjs.org/serve-static set size:150391 disposed:false
126 http fetch GET 200 https://registry.npmjs.org/cookie-signature 312ms (cache revalidated)
127 silly packumentCache full:https://registry.npmjs.org/cookie-signature set size:21777 disposed:false
128 http fetch GET 200 https://registry.npmjs.org/merge-descriptors 309ms (cache revalidated)
129 silly packumentCache full:https://registry.npmjs.org/merge-descriptors set size:16527 disposed:false
130 http fetch GET 200 https://registry.npmjs.org/content-disposition 476ms (cache revalidated)
131 silly packumentCache full:https://registry.npmjs.org/content-disposition set size:34469 disposed:false
132 silly placeDep ROOT accepts@1.3.8 OK for: express@4.22.1 want: ~1.3.8
133 silly placeDep ROOT array-flatten@1.1.1 OK for: express@4.22.1 want: 1.1.1
134 silly placeDep ROOT body-parser@1.20.4 OK for: express@4.22.1 want: ~1.20.3
135 silly placeDep ROOT content-disposition@0.5.4 OK for: express@4.22.1 want: ~0.5.4
136 silly placeDep ROOT content-type@1.0.5 OK for: express@4.22.1 want: ~1.0.4
137 silly placeDep ROOT cookie-signature@1.0.7 OK for: express@4.22.1 want: ~1.0.6
138 silly placeDep node_modules/express debug@2.6.9 OK for: express@4.22.1 want: 2.6.9
139 silly placeDep ROOT depd@2.0.0 OK for: express@4.22.1 want: 2.0.0
140 silly placeDep ROOT encodeurl@2.0.0 OK for: express@4.22.1 want: ~2.0.0
141 silly placeDep ROOT escape-html@1.0.3 OK for: express@4.22.1 want: ~1.0.3
142 silly placeDep ROOT etag@1.8.1 OK for: express@4.22.1 want: ~1.8.1
143 silly placeDep ROOT finalhandler@1.3.2 OK for: express@4.22.1 want: ~1.3.1
144 silly placeDep ROOT fresh@0.5.2 OK for: express@4.22.1 want: ~0.5.2
145 silly placeDep ROOT http-errors@2.0.1 OK for: express@4.22.1 want: ~2.0.0
146 silly placeDep ROOT merge-descriptors@1.0.3 OK for: express@4.22.1 want: 1.0.3
147 silly placeDep ROOT methods@1.1.2 OK for: express@4.22.1 want: ~1.1.2
148 silly placeDep ROOT on-finished@2.4.1 OK for: express@4.22.1 want: ~2.4.1
149 silly placeDep ROOT parseurl@1.3.3 OK for: express@4.22.1 want: ~1.3.3
150 silly placeDep ROOT path-to-regexp@0.1.12 OK for: express@4.22.1 want: ~0.1.12
151 silly placeDep ROOT qs@6.14.1 OK for: express@4.22.1 want: ~6.14.0
152 silly placeDep ROOT range-parser@1.2.1 OK for: express@4.22.1 want: ~1.2.1
153 silly placeDep ROOT send@0.19.2 OK for: express@4.22.1 want: ~0.19.0
154 silly placeDep ROOT serve-static@1.16.3 OK for: express@4.22.1 want: ~1.16.2
155 silly placeDep ROOT setprototypeof@1.2.0 OK for: express@4.22.1 want: 1.2.0
156 silly placeDep ROOT statuses@2.0.2 OK for: express@4.22.1 want: ~2.0.1
157 silly placeDep ROOT type-is@1.6.18 OK for: express@4.22.1 want: ~1.6.18
158 silly placeDep ROOT utils-merge@1.0.1 OK for: express@4.22.1 want: 1.0.1
159 silly fetch manifest mime-types@~2.1.34
160 silly packumentCache full:https://registry.npmjs.org/mime-types cache-miss
161 silly fetch manifest negotiator@0.6.3
162 silly packumentCache full:https://registry.npmjs.org/negotiator cache-miss
163 silly fetch manifest bytes@~3.1.2
164 silly packumentCache full:https://registry.npmjs.org/bytes cache-miss
165 silly fetch manifest unpipe@~1.0.0
166 silly packumentCache full:https://registry.npmjs.org/unpipe cache-miss
167 silly fetch manifest destroy@~1.2.0
168 silly packumentCache full:https://registry.npmjs.org/destroy cache-miss
169 silly fetch manifest raw-body@~2.5.3
170 silly packumentCache full:https://registry.npmjs.org/raw-body cache-miss
171 silly fetch manifest iconv-lite@~0.4.24
172 silly packumentCache full:https://registry.npmjs.org/iconv-lite cache-miss
173 http fetch GET 200 https://registry.npmjs.org/unpipe 251ms (cache revalidated)
174 silly packumentCache full:https://registry.npmjs.org/unpipe set size:3609 disposed:false
175 silly fetch manifest http-errors@~2.0.1
176 silly packumentCache full:https://registry.npmjs.org/http-errors cache-hit
177 silly fetch manifest content-type@~1.0.5
178 silly packumentCache full:https://registry.npmjs.org/content-type cache-hit
179 silly fetch manifest ms@2.0.0
180 silly packumentCache full:https://registry.npmjs.org/ms cache-miss
181 http fetch GET 200 https://registry.npmjs.org/raw-body 263ms (cache revalidated)
182 silly packumentCache full:https://registry.npmjs.org/raw-body set size:117822 disposed:false
183 silly fetch manifest statuses@~2.0.2
184 silly packumentCache full:https://registry.npmjs.org/statuses cache-hit
185 silly fetch manifest setprototypeof@~1.2.0
186 silly packumentCache full:https://registry.npmjs.org/setprototypeof cache-hit
187 silly fetch manifest toidentifier@~1.0.1
188 silly packumentCache full:https://registry.npmjs.org/toidentifier cache-miss
189 http fetch GET 200 https://registry.npmjs.org/negotiator 343ms (cache revalidated)
190 silly packumentCache full:https://registry.npmjs.org/negotiator set size:48046 disposed:false
191 silly fetch manifest ee-first@1.1.1
192 silly packumentCache full:https://registry.npmjs.org/ee-first cache-miss
193 http fetch GET 200 https://registry.npmjs.org/bytes 403ms (cache revalidated)
194 silly packumentCache full:https://registry.npmjs.org/bytes set size:37018 disposed:false
195 silly fetch manifest side-channel@^1.1.0
196 silly packumentCache full:https://registry.npmjs.org/side-channel cache-miss
197 http fetch GET 200 https://registry.npmjs.org/iconv-lite 396ms (cache revalidated)
198 silly packumentCache full:https://registry.npmjs.org/iconv-lite set size:120557 disposed:false
199 silly fetch manifest mime@1.6.0
200 silly packumentCache full:https://registry.npmjs.org/mime cache-miss
201 http fetch GET 200 https://registry.npmjs.org/mime-types 476ms (cache revalidated)
202 silly packumentCache full:https://registry.npmjs.org/mime-types set size:139110 disposed:false
203 silly fetch manifest destroy@1.2.0
204 silly packumentCache full:https://registry.npmjs.org/destroy cache-miss
205 http fetch GET 200 https://registry.npmjs.org/destroy 491ms (cache miss)
206 silly packumentCache full:https://registry.npmjs.org/destroy set size:undefined disposed:false
207 silly fetch manifest mime-types@~2.1.24
208 silly packumentCache full:https://registry.npmjs.org/mime-types cache-hit
209 silly fetch manifest media-typer@0.3.0
210 silly packumentCache full:https://registry.npmjs.org/media-typer cache-miss
211 http cache https://registry.npmjs.org/destroy 95ms (cache hit)
212 silly packumentCache full:https://registry.npmjs.org/destroy set size:15738 disposed:false
213 http fetch GET 200 https://registry.npmjs.org/toidentifier 581ms (cache revalidated)
214 silly packumentCache full:https://registry.npmjs.org/toidentifier set size:12006 disposed:false
215 http fetch GET 200 https://registry.npmjs.org/ms 643ms (cache revalidated)
216 silly packumentCache full:https://registry.npmjs.org/ms set size:92208 disposed:false
217 http fetch GET 200 https://registry.npmjs.org/media-typer 418ms (cache revalidated)
218 silly packumentCache full:https://registry.npmjs.org/media-typer set size:20873 disposed:false
219 http fetch GET 200 https://registry.npmjs.org/ee-first 605ms (cache revalidated)
220 silly packumentCache full:https://registry.npmjs.org/ee-first set size:15327 disposed:false
221 http fetch GET 200 https://registry.npmjs.org/mime 527ms (cache miss)
222 silly packumentCache full:https://registry.npmjs.org/mime set size:undefined disposed:false
223 http fetch GET 200 https://registry.npmjs.org/side-channel 601ms (cache revalidated)
224 silly packumentCache full:https://registry.npmjs.org/side-channel set size:24660 disposed:false
225 silly placeDep ROOT mime-types@2.1.35 OK for: accepts@1.3.8 want: ~2.1.34
226 silly placeDep ROOT negotiator@0.6.3 OK for: accepts@1.3.8 want: 0.6.3
227 silly fetch manifest mime-db@1.52.0
228 silly packumentCache full:https://registry.npmjs.org/mime-db cache-miss
229 http fetch GET 200 https://registry.npmjs.org/mime-db 138ms (cache revalidated)
230 silly packumentCache full:https://registry.npmjs.org/mime-db set size:164953 disposed:false
231 silly placeDep ROOT bytes@3.1.2 OK for: body-parser@1.20.4 want: ~3.1.2
232 silly placeDep node_modules/body-parser debug@2.6.9 OK for: body-parser@1.20.4 want: 2.6.9
233 silly placeDep ROOT destroy@1.2.0 OK for: body-parser@1.20.4 want: ~1.2.0
234 silly placeDep ROOT iconv-lite@0.4.24 OK for: body-parser@1.20.4 want: ~0.4.24
235 silly placeDep ROOT raw-body@2.5.3 OK for: body-parser@1.20.4 want: ~2.5.3
236 silly placeDep ROOT unpipe@1.0.0 OK for: body-parser@1.20.4 want: ~1.0.0
237 silly fetch manifest safer-buffer@>= 2.1.2 < 3
238 silly packumentCache full:https://registry.npmjs.org/safer-buffer cache-miss
239 http fetch GET 200 https://registry.npmjs.org/safer-buffer 251ms (cache revalidated)
240 silly packumentCache full:https://registry.npmjs.org/safer-buffer set size:18521 disposed:false
241 silly placeDep node_modules/finalhandler debug@2.6.9 OK for: finalhandler@1.3.2 want: 2.6.9
242 silly placeDep ROOT toidentifier@1.0.1 OK for: http-errors@2.0.1 want: ~1.0.1
243 silly placeDep ROOT safer-buffer@2.1.2 OK for: iconv-lite@0.4.24 want: >= 2.1.2 < 3
244 silly placeDep ROOT mime-db@1.52.0 OK for: mime-types@2.1.35 want: 1.52.0
245 silly placeDep ROOT ee-first@1.1.1 OK for: on-finished@2.4.1 want: 1.1.1
246 silly placeDep ROOT side-channel@1.1.0 OK for: qs@6.14.1 want: ^1.1.0
247 silly fetch manifest es-errors@^1.3.0
248 silly packumentCache full:https://registry.npmjs.org/es-errors cache-miss
249 silly fetch manifest object-inspect@^1.13.3
250 silly packumentCache full:https://registry.npmjs.org/object-inspect cache-miss
251 silly fetch manifest side-channel-list@^1.0.0
252 silly packumentCache full:https://registry.npmjs.org/side-channel-list cache-miss
253 silly fetch manifest side-channel-map@^1.0.1
254 silly packumentCache full:https://registry.npmjs.org/side-channel-map cache-miss
255 silly fetch manifest side-channel-weakmap@^1.0.2
256 silly packumentCache full:https://registry.npmjs.org/side-channel-weakmap cache-miss
257 http fetch GET 200 https://registry.npmjs.org/es-errors 167ms (cache revalidated)
258 silly packumentCache full:https://registry.npmjs.org/es-errors set size:16918 disposed:false
259 http fetch GET 200 https://registry.npmjs.org/side-channel-map 221ms (cache revalidated)
260 silly packumentCache full:https://registry.npmjs.org/side-channel-map set size:9126 disposed:false
261 http fetch GET 200 https://registry.npmjs.org/side-channel-list 236ms (cache revalidated)
262 silly packumentCache full:https://registry.npmjs.org/side-channel-list set size:6005 disposed:false
263 http fetch GET 200 https://registry.npmjs.org/side-channel-weakmap 261ms (cache revalidated)
264 silly packumentCache full:https://registry.npmjs.org/side-channel-weakmap set size:12620 disposed:false
265 http fetch GET 200 https://registry.npmjs.org/object-inspect 287ms (cache revalidated)
266 silly packumentCache full:https://registry.npmjs.org/object-inspect set size:101912 disposed:false
267 silly placeDep node_modules/send debug@2.6.9 OK for: send@0.19.2 want: 2.6.9
268 silly placeDep ROOT mime@1.6.0 OK for: send@0.19.2 want: 1.6.0
269 silly placeDep ROOT es-errors@1.3.0 OK for: side-channel@1.1.0 want: ^1.3.0
270 silly placeDep ROOT object-inspect@1.13.4 OK for: side-channel@1.1.0 want: ^1.13.3
271 silly placeDep ROOT side-channel-list@1.0.0 OK for: side-channel@1.1.0 want: ^1.0.0
272 silly placeDep ROOT side-channel-map@1.0.1 OK for: side-channel@1.1.0 want: ^1.0.1
273 silly placeDep ROOT side-channel-weakmap@1.0.2 OK for: side-channel@1.1.0 want: ^1.0.2
274 silly fetch manifest call-bound@^1.0.2
275 silly packumentCache full:https://registry.npmjs.org/call-bound cache-miss
276 silly fetch manifest get-intrinsic@^1.2.5
277 silly packumentCache full:https://registry.npmjs.org/get-intrinsic cache-miss
278 silly fetch manifest call-bound@^1.0.2
279 silly packumentCache full:https://registry.npmjs.org/call-bound cache-miss
280 silly fetch manifest get-intrinsic@^1.2.5
281 silly packumentCache full:https://registry.npmjs.org/get-intrinsic cache-miss
282 http fetch GET 200 https://registry.npmjs.org/get-intrinsic 270ms (cache revalidated)
283 silly packumentCache full:https://registry.npmjs.org/get-intrinsic set size:60985 disposed:false
284 http fetch GET 200 https://registry.npmjs.org/get-intrinsic 381ms (cache revalidated)
285 silly packumentCache full:https://registry.npmjs.org/get-intrinsic set size:60985 disposed:false
286 silly packumentCache full:https://registry.npmjs.org/get-intrinsic dispose
287 http fetch GET 200 https://registry.npmjs.org/call-bound 393ms (cache revalidated)
288 silly packumentCache full:https://registry.npmjs.org/call-bound set size:15317 disposed:false
289 http fetch GET 200 https://registry.npmjs.org/call-bound 412ms (cache revalidated)
290 silly packumentCache full:https://registry.npmjs.org/call-bound set size:15317 disposed:false
291 silly packumentCache full:https://registry.npmjs.org/call-bound dispose
292 silly placeDep ROOT call-bound@1.0.4 OK for: side-channel-map@1.0.1 want: ^1.0.2
293 silly placeDep ROOT get-intrinsic@1.3.0 OK for: side-channel-map@1.0.1 want: ^1.2.5
294 silly fetch manifest call-bind-apply-helpers@^1.0.2
295 silly packumentCache full:https://registry.npmjs.org/call-bind-apply-helpers cache-miss
296 silly fetch manifest get-intrinsic@^1.3.0
297 silly packumentCache full:https://registry.npmjs.org/get-intrinsic cache-hit
298 silly fetch manifest gopd@^1.2.0
299 silly packumentCache full:https://registry.npmjs.org/gopd cache-miss
300 silly fetch manifest hasown@^2.0.2
301 silly packumentCache full:https://registry.npmjs.org/hasown cache-miss
302 silly fetch manifest get-proto@^1.0.1
303 silly packumentCache full:https://registry.npmjs.org/get-proto cache-miss
304 silly fetch manifest has-symbols@^1.1.0
305 silly packumentCache full:https://registry.npmjs.org/has-symbols cache-miss
306 silly fetch manifest function-bind@^1.1.2
307 silly packumentCache full:https://registry.npmjs.org/function-bind cache-miss
308 silly fetch manifest es-object-atoms@^1.1.1
309 silly packumentCache full:https://registry.npmjs.org/es-object-atoms cache-miss
310 http fetch GET 200 https://registry.npmjs.org/call-bind-apply-helpers 187ms (cache revalidated)
311 silly packumentCache full:https://registry.npmjs.org/call-bind-apply-helpers set size:12744 disposed:false
312 silly fetch manifest math-intrinsics@^1.1.0
313 silly packumentCache full:https://registry.npmjs.org/math-intrinsics cache-miss
314 http fetch GET 200 https://registry.npmjs.org/hasown 434ms (cache revalidated)
315 silly packumentCache full:https://registry.npmjs.org/hasown set size:12476 disposed:false
316 silly fetch manifest es-define-property@^1.0.1
317 silly packumentCache full:https://registry.npmjs.org/es-define-property cache-miss
318 http fetch GET 200 https://registry.npmjs.org/gopd 455ms (cache revalidated)
319 silly packumentCache full:https://registry.npmjs.org/gopd set size:11458 disposed:false
320 http fetch GET 200 https://registry.npmjs.org/has-symbols 458ms (cache revalidated)
321 silly packumentCache full:https://registry.npmjs.org/has-symbols set size:21550 disposed:false
322 http fetch GET 200 https://registry.npmjs.org/function-bind 464ms (cache revalidated)
323 silly packumentCache full:https://registry.npmjs.org/function-bind set size:15733 disposed:false
324 http fetch GET 200 https://registry.npmjs.org/es-object-atoms 480ms (cache revalidated)
325 silly packumentCache full:https://registry.npmjs.org/es-object-atoms set size:15304 disposed:false
326 http fetch GET 200 https://registry.npmjs.org/get-proto 514ms (cache revalidated)
327 silly packumentCache full:https://registry.npmjs.org/get-proto set size:8300 disposed:false
328 http fetch GET 200 https://registry.npmjs.org/math-intrinsics 355ms (cache revalidated)
329 silly packumentCache full:https://registry.npmjs.org/math-intrinsics set size:9265 disposed:false
330 http fetch GET 200 https://registry.npmjs.org/es-define-property 262ms (cache revalidated)
331 silly packumentCache full:https://registry.npmjs.org/es-define-property set size:8542 disposed:false
332 silly placeDep ROOT call-bind-apply-helpers@1.0.2 OK for: call-bound@1.0.4 want: ^1.0.2
333 silly placeDep ROOT function-bind@1.1.2 OK for: call-bind-apply-helpers@1.0.2 want: ^1.1.2
334 silly placeDep ROOT es-define-property@1.0.1 OK for: get-intrinsic@1.3.0 want: ^1.0.1
335 silly placeDep ROOT es-object-atoms@1.1.1 OK for: get-intrinsic@1.3.0 want: ^1.1.1
336 silly placeDep ROOT get-proto@1.0.1 OK for: get-intrinsic@1.3.0 want: ^1.0.1
337 silly placeDep ROOT gopd@1.2.0 OK for: get-intrinsic@1.3.0 want: ^1.2.0
338 silly placeDep ROOT has-symbols@1.1.0 OK for: get-intrinsic@1.3.0 want: ^1.1.0
339 silly placeDep ROOT hasown@2.0.2 OK for: get-intrinsic@1.3.0 want: ^2.0.2
340 silly placeDep ROOT math-intrinsics@1.1.0 OK for: get-intrinsic@1.3.0 want: ^1.1.0
341 silly fetch manifest dunder-proto@^1.0.1
342 silly packumentCache full:https://registry.npmjs.org/dunder-proto cache-miss
343 http fetch GET 200 https://registry.npmjs.org/dunder-proto 194ms (cache revalidated)
344 silly packumentCache full:https://registry.npmjs.org/dunder-proto set size:8256 disposed:false
345 silly placeDep ROOT dunder-proto@1.0.1 OK for: get-proto@1.0.1 want: ^1.0.1
346 silly placeDep ROOT media-typer@0.3.0 OK for: type-is@1.6.18 want: 0.3.0
347 silly placeDep node_modules/body-parser ms@2.0.0 OK for: debug@2.6.9 want: 2.0.0
348 silly placeDep node_modules/express ms@2.0.0 OK for: debug@2.6.9 want: 2.0.0
349 silly placeDep node_modules/finalhandler ms@2.0.0 OK for: debug@2.6.9 want: 2.0.0
350 silly placeDep node_modules/send/node_modules/debug ms@2.0.0 OK for: debug@2.6.9 want: 2.0.0
351 silly reify mark retired [ '/data/data/com.termux/files/home/node_modules/accepts' ]
352 silly reify mark retired [ '/data/data/com.termux/files/home/node_modules/append-field' ]
353 silly reify mark retired [ '/data/data/com.termux/files/home/node_modules/body-parser' ]
354 silly reify mark retired [ '/data/data/com.termux/files/home/node_modules/buffer-from' ]
355 silly reify mark retired [ '/data/data/com.termux/files/home/node_modules/busboy' ]
356 silly reify mark retired [ '/data/data/com.termux/files/home/node_modules/concat-stream' ]
357 silly reify mark retired [ '/data/data/com.termux/files/home/node_modules/content-disposition' ]
358 silly reify mark retired [ '/data/data/com.termux/files/home/node_modules/cookie-signature' ]
359 silly reify mark retired [
359 silly reify   '/data/data/com.termux/files/home/node_modules/engine.io/node_modules/accepts'
359 silly reify ]
360 silly reify mark retired [
360 silly reify   '/data/data/com.termux/files/home/node_modules/engine.io/node_modules/mime-db'
360 silly reify ]
361 silly reify mark retired [
361 silly reify   '/data/data/com.termux/files/home/node_modules/engine.io/node_modules/mime-types'
361 silly reify ]
362 silly reify mark retired [
362 silly reify   '/data/data/com.termux/files/home/node_modules/engine.io/node_modules/negotiator'
362 silly reify ]
363 silly reify mark retired [ '/data/data/com.termux/files/home/node_modules/express' ]
364 silly reify mark retired [ '/data/data/com.termux/files/home/node_modules/finalhandler' ]
365 silly reify mark retired [ '/data/data/com.termux/files/home/node_modules/fresh' ]
366 silly reify mark retired [ '/data/data/com.termux/files/home/node_modules/iconv-lite' ]
367 silly reify mark retired [ '/data/data/com.termux/files/home/node_modules/is-promise' ]
368 silly reify mark retired [ '/data/data/com.termux/files/home/node_modules/media-typer' ]
369 silly reify mark retired [ '/data/data/com.termux/files/home/node_modules/merge-descriptors' ]
370 silly reify mark retired [ '/data/data/com.termux/files/home/node_modules/mime-db' ]
371 silly reify mark retired [ '/data/data/com.termux/files/home/node_modules/mime-types' ]
372 silly reify mark retired [ '/data/data/com.termux/files/home/node_modules/minimist' ]
373 silly reify mark retired [
373 silly reify   '/data/data/com.termux/files/home/node_modules/mkdirp',
373 silly reify   '/data/data/com.termux/files/home/node_modules/.bin/mkdirp'
373 silly reify ]
374 silly reify mark retired [ '/data/data/com.termux/files/home/node_modules/multer' ]
375 silly reify mark retired [ '/data/data/com.termux/files/home/node_modules/negotiator' ]
376 silly reify mark retired [ '/data/data/com.termux/files/home/node_modules/once' ]
377 silly reify mark retired [ '/data/data/com.termux/files/home/node_modules/path-to-regexp' ]
378 silly reify mark retired [ '/data/data/com.termux/files/home/node_modules/raw-body' ]
379 silly reify mark retired [ '/data/data/com.termux/files/home/node_modules/readable-stream' ]
380 silly reify mark retired [ '/data/data/com.termux/files/home/node_modules/router' ]
381 silly reify mark retired [ '/data/data/com.termux/files/home/node_modules/send' ]
382 silly reify mark retired [ '/data/data/com.termux/files/home/node_modules/serve-static' ]
383 silly reify mark retired [
383 silly reify   '/data/data/com.termux/files/home/node_modules/socket.io/node_modules/accepts'
383 silly reify ]
384 silly reify mark retired [
384 silly reify   '/data/data/com.termux/files/home/node_modules/socket.io/node_modules/mime-db'
384 silly reify ]
385 silly reify mark retired [
385 silly reify   '/data/data/com.termux/files/home/node_modules/socket.io/node_modules/mime-types'
385 silly reify ]
386 silly reify mark retired [
386 silly reify   '/data/data/com.termux/files/home/node_modules/socket.io/node_modules/negotiator'
386 silly reify ]
387 silly reify mark retired [ '/data/data/com.termux/files/home/node_modules/streamsearch' ]
388 silly reify mark retired [ '/data/data/com.termux/files/home/node_modules/string_decoder' ]
389 silly reify mark retired [ '/data/data/com.termux/files/home/node_modules/type-is' ]
390 silly reify mark retired [ '/data/data/com.termux/files/home/node_modules/typedarray' ]
391 silly reify mark retired [ '/data/data/com.termux/files/home/node_modules/util-deprecate' ]
392 silly reify mark retired [ '/data/data/com.termux/files/home/node_modules/wrappy' ]
393 silly reify mark retired [ '/data/data/com.termux/files/home/node_modules/xtend' ]
394 silly reify moves {
394 silly reify   '/data/data/com.termux/files/home/node_modules/accepts': '/data/data/com.termux/files/home/node_modules/.accepts-oLuF3dDy',
394 silly reify   '/data/data/com.termux/files/home/node_modules/append-field': '/data/data/com.termux/files/home/node_modules/.append-field-o8cLQh3E',
394 silly reify   '/data/data/com.termux/files/home/node_modules/body-parser': '/data/data/com.termux/files/home/node_modules/.body-parser-8Eei0Tue',
394 silly reify   '/data/data/com.termux/files/home/node_modules/buffer-from': '/data/data/com.termux/files/home/node_modules/.buffer-from-4iMDqIly',
394 silly reify   '/data/data/com.termux/files/home/node_modules/busboy': '/data/data/com.termux/files/home/node_modules/.busboy-rrUHhI1U',
394 silly reify   '/data/data/com.termux/files/home/node_modules/concat-stream': '/data/data/com.termux/files/home/node_modules/.concat-stream-lxR53a9I',
394 silly reify   '/data/data/com.termux/files/home/node_modules/content-disposition': '/data/data/com.termux/files/home/node_modules/.content-disposition-u6Zy2oA9',
394 silly reify   '/data/data/com.termux/files/home/node_modules/cookie-signature': '/data/data/com.termux/files/home/node_modules/.cookie-signature-Gh6a1Np3',
394 silly reify   '/data/data/com.termux/files/home/node_modules/engine.io/node_modules/accepts': '/data/data/com.termux/files/home/node_modules/engine.io/node_modules/.accepts-SslPCUcs',
394 silly reify   '/data/data/com.termux/files/home/node_modules/engine.io/node_modules/mime-db': '/data/data/com.termux/files/home/node_modules/engine.io/node_modules/.mime-db-uj8s3bJr',
394 silly reify   '/data/data/com.termux/files/home/node_modules/engine.io/node_modules/mime-types': '/data/data/com.termux/files/home/node_modules/engine.io/node_modules/.mime-types-M1TnzO42',
394 silly reify   '/data/data/com.termux/files/home/node_modules/engine.io/node_modules/negotiator': '/data/data/com.termux/files/home/node_modules/engine.io/node_modules/.negotiator-TXwEcqET',
394 silly reify   '/data/data/com.termux/files/home/node_modules/express': '/data/data/com.termux/files/home/node_modules/.express-gmqdTaNc',
394 silly reify   '/data/data/com.termux/files/home/node_modules/finalhandler': '/data/data/com.termux/files/home/node_modules/.finalhandler-BzcyvGmi',
394 silly reify   '/data/data/com.termux/files/home/node_modules/fresh': '/data/data/com.termux/files/home/node_modules/.fresh-Wd2ZM1L8',
394 silly reify   '/data/data/com.termux/files/home/node_modules/iconv-lite': '/data/data/com.termux/files/home/node_modules/.iconv-lite-kjZV3gBO',
394 silly reify   '/data/data/com.termux/files/home/node_modules/is-promise': '/data/data/com.termux/files/home/node_modules/.is-promise-EJGnL72D',
394 silly reify   '/data/data/com.termux/files/home/node_modules/media-typer': '/data/data/com.termux/files/home/node_modules/.media-typer-5OdAuihZ',
394 silly reify   '/data/data/com.termux/files/home/node_modules/merge-descriptors': '/data/data/com.termux/files/home/node_modules/.merge-descriptors-j3WYvuTX',
394 silly reify   '/data/data/com.termux/files/home/node_modules/mime-db': '/data/data/com.termux/files/home/node_modules/.mime-db-bUZek4xA',
394 silly reify   '/data/data/com.termux/files/home/node_modules/mime-types': '/data/data/com.termux/files/home/node_modules/.mime-types-j4DVvKCN',
394 silly reify   '/data/data/com.termux/files/home/node_modules/minimist': '/data/data/com.termux/files/home/node_modules/.minimist-To6Tct78',
394 silly reify   '/data/data/com.termux/files/home/node_modules/mkdirp': '/data/data/com.termux/files/home/node_modules/.mkdirp-BoVHScqz',
394 silly reify   '/data/data/com.termux/files/home/node_modules/.bin/mkdirp': '/data/data/com.termux/files/home/node_modules/.bin/.mkdirp-Tc74RN30',
394 silly reify   '/data/data/com.termux/files/home/node_modules/multer': '/data/data/com.termux/files/home/node_modules/.multer-MD4HiHE5',
394 silly reify   '/data/data/com.termux/files/home/node_modules/negotiator': '/data/data/com.termux/files/home/node_modules/.negotiator-HIev25xX',
394 silly reify   '/data/data/com.termux/files/home/node_modules/once': '/data/data/com.termux/files/home/node_modules/.once-8HP7pnjY',
394 silly reify   '/data/data/com.termux/files/home/node_modules/path-to-regexp': '/data/data/com.termux/files/home/node_modules/.path-to-regexp-WXxnr1kn',
394 silly reify   '/data/data/com.termux/files/home/node_modules/raw-body': '/data/data/com.termux/files/home/node_modules/.raw-body-RVyNpv10',
394 silly reify   '/data/data/com.termux/files/home/node_modules/readable-stream': '/data/data/com.termux/files/home/node_modules/.readable-stream-X9MXXje1',
394 silly reify   '/data/data/com.termux/files/home/node_modules/router': '/data/data/com.termux/files/home/node_modules/.router-J79I2lNW',
394 silly reify   '/data/data/com.termux/files/home/node_modules/send': '/data/data/com.termux/files/home/node_modules/.send-1EeqNpRU',
394 silly reify   '/data/data/com.termux/files/home/node_modules/serve-static': '/data/data/com.termux/files/home/node_modules/.serve-static-B6S5nOex',
394 silly reify   '/data/data/com.termux/files/home/node_modules/socket.io/node_modules/accepts': '/data/data/com.termux/files/home/node_modules/socket.io/node_modules/.accepts-klsKsGsb',
394 silly reify   '/data/data/com.termux/files/home/node_modules/socket.io/node_modules/mime-db': '/data/data/com.termux/files/home/node_modules/socket.io/node_modules/.mime-db-7uUBe23r',
394 silly reify   '/data/data/com.termux/files/home/node_modules/socket.io/node_modules/mime-types': '/data/data/com.termux/files/home/node_modules/socket.io/node_modules/.mime-types-TjD3HGqe',
394 silly reify   '/data/data/com.termux/files/home/node_modules/socket.io/node_modules/negotiator': '/data/data/com.termux/files/home/node_modules/socket.io/node_modules/.negotiator-NHJDD9s2',
394 silly reify   '/data/data/com.termux/files/home/node_modules/streamsearch': '/data/data/com.termux/files/home/node_modules/.streamsearch-G75upqne',
394 silly reify   '/data/data/com.termux/files/home/node_modules/string_decoder': '/data/data/com.termux/files/home/node_modules/.string_decoder-ZF9Q6CPD',
394 silly reify   '/data/data/com.termux/files/home/node_modules/type-is': '/data/data/com.termux/files/home/node_modules/.type-is-zcKjvV4y',
394 silly reify   '/data/data/com.termux/files/home/node_modules/typedarray': '/data/data/com.termux/files/home/node_modules/.typedarray-1rdSVFe5',
394 silly reify   '/data/data/com.termux/files/home/node_modules/util-deprecate': '/data/data/com.termux/files/home/node_modules/.util-deprecate-t8kXv5bl',
394 silly reify   '/data/data/com.termux/files/home/node_modules/wrappy': '/data/data/com.termux/files/home/node_modules/.wrappy-UsUZuIjw',
394 silly reify   '/data/data/com.termux/files/home/node_modules/xtend': '/data/data/com.termux/files/home/node_modules/.xtend-uLSlsQ0v'
394 silly reify }
395 silly audit bulk request {
395 silly audit   '@socket.io/component-emitter': [ '3.1.2' ],
395 silly audit   '@types/cors': [ '2.8.19' ],
395 silly audit   '@types/node': [ '25.2.0' ],
395 silly audit   accepts: [ '1.3.8' ],
395 silly audit   base64id: [ '2.0.0' ],
395 silly audit   cookie: [ '0.7.2' ],
395 silly audit   cors: [ '2.8.6' ],
395 silly audit   debug: [ '4.4.3', '2.6.9' ],
395 silly audit   'engine.io': [ '6.6.5' ],
395 silly audit   'engine.io-parser': [ '5.2.3' ],
395 silly audit   forwarded: [ '0.2.0' ],
395 silly audit   inherits: [ '2.0.4' ],
395 silly audit   'ipaddr.js': [ '1.9.1' ],
395 silly audit   ms: [ '2.1.3', '2.0.0' ],
395 silly audit   'type-is': [ '1.6.18' ],
395 silly audit   'object-assign': [ '4.1.1' ],
395 silly audit   'proxy-addr': [ '2.0.7' ],
395 silly audit   'safe-buffer': [ '5.2.1' ],
395 silly audit   'socket.io': [ '4.8.3' ],
395 silly audit   'socket.io-adapter': [ '2.5.6' ],
395 silly audit   'socket.io-parser': [ '4.2.5' ],
395 silly audit   'undici-types': [ '7.16.0' ],
395 silly audit   vary: [ '1.1.2' ],
395 silly audit   ws: [ '8.18.3' ],
395 silly audit   bcryptjs: [ '2.4.3' ],
395 silly audit   express: [ '4.22.1' ],
395 silly audit   'array-flatten': [ '1.1.1' ],
395 silly audit   'body-parser': [ '1.20.4' ],
395 silly audit   'content-disposition': [ '0.5.4' ],
395 silly audit   'content-type': [ '1.0.5' ],
395 silly audit   'cookie-signature': [ '1.0.7' ],
395 silly audit   depd: [ '2.0.0' ],
395 silly audit   encodeurl: [ '2.0.0' ],
395 silly audit   'escape-html': [ '1.0.3' ],
395 silly audit   etag: [ '1.8.1' ],
395 silly audit   finalhandler: [ '1.3.2' ],
395 silly audit   fresh: [ '0.5.2' ],
395 silly audit   'http-errors': [ '2.0.1' ],
395 silly audit   'merge-descriptors': [ '1.0.3' ],
395 silly audit   methods: [ '1.1.2' ],
395 silly audit   'on-finished': [ '2.4.1' ],
395 silly audit   parseurl: [ '1.3.3' ],
395 silly audit   'path-to-regexp': [ '0.1.12' ],
395 silly audit   qs: [ '6.14.1' ],
395 silly audit   'range-parser': [ '1.2.1' ],
395 silly audit   send: [ '0.19.2' ],
395 silly audit   'serve-static': [ '1.16.3' ],
395 silly audit   setprototypeof: [ '1.2.0' ],
395 silly audit   statuses: [ '2.0.2' ],
395 silly audit   'utils-merge': [ '1.0.1' ],
395 silly audit   'mime-types': [ '2.1.35' ],
395 silly audit   negotiator: [ '0.6.3' ],
395 silly audit   bytes: [ '3.1.2' ],
395 silly audit   destroy: [ '1.2.0' ],
395 silly audit   'iconv-lite': [ '0.4.24' ],
395 silly audit   'raw-body': [ '2.5.3' ],
395 silly audit   unpipe: [ '1.0.0' ],
395 silly audit   toidentifier: [ '1.0.1' ],
395 silly audit   'safer-buffer': [ '2.1.2' ],
395 silly audit   'mime-db': [ '1.52.0' ],
395 silly audit   'ee-first': [ '1.1.1' ],
395 silly audit   'side-channel': [ '1.1.0' ],
395 silly audit   mime: [ '1.6.0' ],
395 silly audit   'es-errors': [ '1.3.0' ],
395 silly audit   'object-inspect': [ '1.13.4' ],
395 silly audit   'side-channel-list': [ '1.0.0' ],
395 silly audit   'side-channel-map': [ '1.0.1' ],
395 silly audit   'side-channel-weakmap': [ '1.0.2' ],
395 silly audit   'call-bound': [ '1.0.4' ],
395 silly audit   'get-intrinsic': [ '1.3.0' ],
395 silly audit   'call-bind-apply-helpers': [ '1.0.2' ],
395 silly audit   'function-bind': [ '1.1.2' ],
395 silly audit   'es-define-property': [ '1.0.1' ],
395 silly audit   'es-object-atoms': [ '1.1.1' ],
395 silly audit   'get-proto': [ '1.0.1' ],
395 silly audit   gopd: [ '1.2.0' ],
395 silly audit   'has-symbols': [ '1.1.0' ],
395 silly audit   hasown: [ '2.0.2' ],
395 silly audit   'math-intrinsics': [ '1.1.0' ],
395 silly audit   'dunder-proto': [ '1.0.1' ],
395 silly audit   'media-typer': [ '0.3.0' ]
395 silly audit }
396 http cache mime@https://registry.npmjs.org/mime/-/mime-1.6.0.tgz 0ms (cache hit)
397 http cache destroy@https://registry.npmjs.org/destroy/-/destroy-1.2.0.tgz 1ms (cache hit)
398 http cache utils-merge@https://registry.npmjs.org/utils-merge/-/utils-merge-1.0.1.tgz 0ms (cache hit)
399 http cache methods@https://registry.npmjs.org/methods/-/methods-1.1.2.tgz 0ms (cache hit)
400 http cache array-flatten@https://registry.npmjs.org/array-flatten/-/array-flatten-1.1.1.tgz 0ms (cache hit)
401 http cache bcryptjs@https://registry.npmjs.org/bcryptjs/-/bcryptjs-2.4.3.tgz 1ms (cache hit)
402 http cache type-is@https://registry.npmjs.org/type-is/-/type-is-1.6.18.tgz 0ms (cache hit)
403 http cache serve-static@https://registry.npmjs.org/serve-static/-/serve-static-1.16.3.tgz 0ms (cache hit)
404 http cache send@https://registry.npmjs.org/send/-/send-0.19.2.tgz 0ms (cache hit)
405 http cache path-to-regexp@https://registry.npmjs.org/path-to-regexp/-/path-to-regexp-0.1.12.tgz 0ms (cache hit)
406 http cache raw-body@https://registry.npmjs.org/raw-body/-/raw-body-2.5.3.tgz 0ms (cache hit)
407 http cache negotiator@https://registry.npmjs.org/negotiator/-/negotiator-0.6.3.tgz 0ms (cache hit)
408 http cache mime-types@https://registry.npmjs.org/mime-types/-/mime-types-2.1.35.tgz 1ms (cache hit)
409 http cache mime-db@https://registry.npmjs.org/mime-db/-/mime-db-1.52.0.tgz 1ms (cache hit)
410 http cache merge-descriptors@https://registry.npmjs.org/merge-descriptors/-/merge-descriptors-1.0.3.tgz 0ms (cache hit)
411 http cache media-typer@https://registry.npmjs.org/media-typer/-/media-typer-0.3.0.tgz 0ms (cache hit)
412 http cache fresh@https://registry.npmjs.org/fresh/-/fresh-0.5.2.tgz 0ms (cache hit)
413 http cache iconv-lite@https://registry.npmjs.org/iconv-lite/-/iconv-lite-0.4.24.tgz 0ms (cache hit)
414 http cache finalhandler@https://registry.npmjs.org/finalhandler/-/finalhandler-1.3.2.tgz 0ms (cache hit)
415 http cache express@https://registry.npmjs.org/express/-/express-4.22.1.tgz 1ms (cache hit)
416 http cache cookie-signature@https://registry.npmjs.org/cookie-signature/-/cookie-signature-1.0.7.tgz 0ms (cache hit)
417 http cache content-disposition@https://registry.npmjs.org/content-disposition/-/content-disposition-0.5.4.tgz 0ms (cache hit)
418 http cache accepts@https://registry.npmjs.org/accepts/-/accepts-1.3.8.tgz 0ms (cache hit)
419 http cache body-parser@https://registry.npmjs.org/body-parser/-/body-parser-1.20.4.tgz 1ms (cache hit)
420 http cache debug@https://registry.npmjs.org/debug/-/debug-2.6.9.tgz 0ms (cache hit)
421 http cache ms@https://registry.npmjs.org/ms/-/ms-2.0.0.tgz 0ms (cache hit)
422 http cache ms@https://registry.npmjs.org/ms/-/ms-2.0.0.tgz 0ms (cache hit)
423 http cache debug@https://registry.npmjs.org/debug/-/debug-2.6.9.tgz 0ms (cache hit)
424 http cache debug@https://registry.npmjs.org/debug/-/debug-2.6.9.tgz 0ms (cache hit)
425 http cache ms@https://registry.npmjs.org/ms/-/ms-2.0.0.tgz 0ms (cache hit)
426 http cache debug@https://registry.npmjs.org/debug/-/debug-2.6.9.tgz 0ms (cache hit)
427 http cache ms@https://registry.npmjs.org/ms/-/ms-2.0.0.tgz 0ms (cache hit)
428 silly tarball no local data for mime@https://registry.npmjs.org/mime/-/mime-1.6.0.tgz. Extracting by manifest.
429 silly tarball no local data for destroy@https://registry.npmjs.org/destroy/-/destroy-1.2.0.tgz. Extracting by manifest.
430 silly tarball no local data for utils-merge@https://registry.npmjs.org/utils-merge/-/utils-merge-1.0.1.tgz. Extracting by manifest.
431 silly tarball no local data for methods@https://registry.npmjs.org/methods/-/methods-1.1.2.tgz. Extracting by manifest.
432 silly tarball no local data for array-flatten@https://registry.npmjs.org/array-flatten/-/array-flatten-1.1.1.tgz. Extracting by manifest.
433 silly tarball no local data for bcryptjs@https://registry.npmjs.org/bcryptjs/-/bcryptjs-2.4.3.tgz. Extracting by manifest.
434 silly tarball no local data for serve-static@https://registry.npmjs.org/serve-static/-/serve-static-1.16.3.tgz. Extracting by manifest.
435 silly tarball no local data for send@https://registry.npmjs.org/send/-/send-0.19.2.tgz. Extracting by manifest.
436 silly tarball no local data for path-to-regexp@https://registry.npmjs.org/path-to-regexp/-/path-to-regexp-0.1.12.tgz. Extracting by manifest.
437 silly tarball no local data for raw-body@https://registry.npmjs.org/raw-body/-/raw-body-2.5.3.tgz. Extracting by manifest.
438 silly tarball no local data for merge-descriptors@https://registry.npmjs.org/merge-descriptors/-/merge-descriptors-1.0.3.tgz. Extracting by manifest.
439 silly tarball no local data for fresh@https://registry.npmjs.org/fresh/-/fresh-0.5.2.tgz. Extracting by manifest.
440 silly tarball no local data for iconv-lite@https://registry.npmjs.org/iconv-lite/-/iconv-lite-0.4.24.tgz. Extracting by manifest.
441 silly tarball no local data for finalhandler@https://registry.npmjs.org/finalhandler/-/finalhandler-1.3.2.tgz. Extracting by manifest.
442 silly tarball no local data for express@https://registry.npmjs.org/express/-/express-4.22.1.tgz. Extracting by manifest.
443 silly tarball no local data for cookie-signature@https://registry.npmjs.org/cookie-signature/-/cookie-signature-1.0.7.tgz. Extracting by manifest.
444 silly tarball no local data for content-disposition@https://registry.npmjs.org/content-disposition/-/content-disposition-0.5.4.tgz. Extracting by manifest.
445 silly tarball no local data for body-parser@https://registry.npmjs.org/body-parser/-/body-parser-1.20.4.tgz. Extracting by manifest.
446 silly tarball no local data for debug@https://registry.npmjs.org/debug/-/debug-2.6.9.tgz. Extracting by manifest.
447 silly tarball no local data for ms@https://registry.npmjs.org/ms/-/ms-2.0.0.tgz. Extracting by manifest.
448 silly tarball no local data for ms@https://registry.npmjs.org/ms/-/ms-2.0.0.tgz. Extracting by manifest.
449 silly tarball no local data for debug@https://registry.npmjs.org/debug/-/debug-2.6.9.tgz. Extracting by manifest.
450 silly tarball no local data for debug@https://registry.npmjs.org/debug/-/debug-2.6.9.tgz. Extracting by manifest.
451 silly tarball no local data for ms@https://registry.npmjs.org/ms/-/ms-2.0.0.tgz. Extracting by manifest.
452 silly tarball no local data for debug@https://registry.npmjs.org/debug/-/debug-2.6.9.tgz. Extracting by manifest.
453 silly tarball no local data for ms@https://registry.npmjs.org/ms/-/ms-2.0.0.tgz. Extracting by manifest.
454 http fetch POST 200 https://registry.npmjs.org/-/npm/v1/security/advisories/bulk 890ms
455 silly audit report {}
456 http fetch GET 200 https://registry.npmjs.org/utils-merge/-/utils-merge-1.0.1.tgz 1902ms (cache miss)
457 http fetch GET 200 https://registry.npmjs.org/array-flatten/-/array-flatten-1.1.1.tgz 1988ms (cache miss)
458 http fetch GET 200 https://registry.npmjs.org/destroy/-/destroy-1.2.0.tgz 2044ms (cache miss)
459 http fetch GET 200 https://registry.npmjs.org/methods/-/methods-1.1.2.tgz 2056ms (cache miss)
460 http fetch GET 200 https://registry.npmjs.org/cookie-signature/-/cookie-signature-1.0.7.tgz 1978ms (cache miss)
461 http fetch GET 200 https://registry.npmjs.org/ms/-/ms-2.0.0.tgz 1980ms (cache miss)
462 http fetch GET 200 https://registry.npmjs.org/ms/-/ms-2.0.0.tgz 2013ms (cache miss)
463 http fetch GET 200 https://registry.npmjs.org/ms/-/ms-2.0.0.tgz 2038ms (cache miss)
464 http fetch GET 200 https://registry.npmjs.org/ms/-/ms-2.0.0.tgz 2011ms (cache miss)
465 http fetch GET 200 https://registry.npmjs.org/content-disposition/-/content-disposition-0.5.4.tgz 2145ms (cache miss)
466 http fetch GET 200 https://registry.npmjs.org/fresh/-/fresh-0.5.2.tgz 2216ms (cache miss)
467 http fetch GET 200 https://registry.npmjs.org/raw-body/-/raw-body-2.5.3.tgz 2254ms (cache miss)
468 http fetch GET 200 https://registry.npmjs.org/path-to-regexp/-/path-to-regexp-0.1.12.tgz 2269ms (cache miss)
469 http fetch GET 200 https://registry.npmjs.org/merge-descriptors/-/merge-descriptors-1.0.3.tgz 2256ms (cache miss)
470 http fetch GET 200 https://registry.npmjs.org/finalhandler/-/finalhandler-1.3.2.tgz 2315ms (cache miss)
471 http fetch GET 200 https://registry.npmjs.org/serve-static/-/serve-static-1.16.3.tgz 2430ms (cache miss)
472 http fetch GET 200 https://registry.npmjs.org/send/-/send-0.19.2.tgz 2461ms (cache miss)
473 http fetch GET 200 https://registry.npmjs.org/mime/-/mime-1.6.0.tgz 2514ms (cache miss)
474 http fetch GET 200 https://registry.npmjs.org/debug/-/debug-2.6.9.tgz 2375ms (cache miss)
475 http fetch GET 200 https://registry.npmjs.org/debug/-/debug-2.6.9.tgz 2388ms (cache miss)
476 http fetch GET 200 https://registry.npmjs.org/debug/-/debug-2.6.9.tgz 2436ms (cache miss)
477 http fetch GET 200 https://registry.npmjs.org/debug/-/debug-2.6.9.tgz 2401ms (cache miss)
478 http fetch GET 200 https://registry.npmjs.org/body-parser/-/body-parser-1.20.4.tgz 2532ms (cache miss)
479 http fetch GET 200 https://registry.npmjs.org/express/-/express-4.22.1.tgz 2682ms (cache miss)
480 http fetch GET 200 https://registry.npmjs.org/bcryptjs/-/bcryptjs-2.4.3.tgz 2839ms (cache miss)
481 http fetch GET 200 https://registry.npmjs.org/iconv-lite/-/iconv-lite-0.4.24.tgz 2839ms (cache miss)
482 silly ADD node_modules/mime
483 silly ADD node_modules/destroy
484 silly ADD node_modules/utils-merge
485 silly ADD node_modules/methods
486 silly ADD node_modules/array-flatten
487 silly ADD node_modules/bcryptjs
488 silly REMOVE node_modules/xtend
489 silly REMOVE node_modules/wrappy
490 silly REMOVE node_modules/util-deprecate
491 silly REMOVE node_modules/typedarray
492 silly CHANGE node_modules/type-is
493 silly REMOVE node_modules/string_decoder
494 silly REMOVE node_modules/streamsearch
495 silly REMOVE node_modules/socket.io/node_modules/negotiator
496 silly REMOVE node_modules/socket.io/node_modules/mime-types
497 silly REMOVE node_modules/socket.io/node_modules/mime-db
498 silly REMOVE node_modules/socket.io/node_modules/accepts
499 silly CHANGE node_modules/serve-static
500 silly CHANGE node_modules/send
501 silly ADD node_modules/send/node_modules/debug
502 silly ADD node_modules/send/node_modules/debug/node_modules/ms
503 silly REMOVE node_modules/router
504 silly REMOVE node_modules/readable-stream
505 silly CHANGE node_modules/raw-body
506 silly CHANGE node_modules/path-to-regexp
507 silly REMOVE node_modules/once
508 silly CHANGE node_modules/negotiator
509 silly REMOVE node_modules/multer
510 silly REMOVE node_modules/multer/node_modules/type-is
511 silly REMOVE node_modules/multer/node_modules/mime-types
512 silly REMOVE node_modules/multer/node_modules/mime-db
513 silly REMOVE node_modules/multer/node_modules/media-typer
514 silly REMOVE node_modules/mkdirp
515 silly REMOVE node_modules/minimist
516 silly CHANGE node_modules/mime-types
517 silly CHANGE node_modules/mime-db
518 silly CHANGE node_modules/merge-descriptors
519 silly CHANGE node_modules/media-typer
520 silly REMOVE node_modules/is-promise
521 silly CHANGE node_modules/iconv-lite
522 silly CHANGE node_modules/fresh
523 silly CHANGE node_modules/finalhandler
524 silly ADD node_modules/finalhandler/node_modules/ms
525 silly ADD node_modules/finalhandler/node_modules/debug
526 silly CHANGE node_modules/express
527 silly ADD node_modules/express/node_modules/ms
528 silly ADD node_modules/express/node_modules/debug
529 silly REMOVE node_modules/engine.io/node_modules/negotiator
530 silly REMOVE node_modules/engine.io/node_modules/mime-types
531 silly REMOVE node_modules/engine.io/node_modules/mime-db
532 silly REMOVE node_modules/engine.io/node_modules/accepts
533 silly CHANGE node_modules/cookie-signature
534 silly CHANGE node_modules/content-disposition
535 silly REMOVE node_modules/concat-stream
536 silly REMOVE node_modules/busboy
537 silly REMOVE node_modules/buffer-from
538 silly CHANGE node_modules/body-parser
539 silly ADD node_modules/body-parser/node_modules/ms
540 silly ADD node_modules/body-parser/node_modules/debug
541 silly REMOVE node_modules/append-field
542 silly CHANGE node_modules/accepts
543 verbose cwd /data/data/com.termux/files/home
544 verbose os Linux 4.9.190-perf-g0e966e90518f
545 verbose node v25.3.0
546 verbose npm  v11.8.0
547 verbose exit 0
548 info ok
