0 verbose cli /data/data/com.termux/files/usr/bin/node /data/data/com.termux/files/usr/bin/npm
1 info using npm@11.8.0
2 info using node@v25.3.0
3 silly config load:file:/data/data/com.termux/files/usr/lib/node_modules/npm/npmrc
4 silly config load:file:/data/data/com.termux/files/home/color-wars-arena/.npmrc
5 silly config load:file:/data/data/com.termux/files/home/.npmrc
6 silly config load:file:/data/data/com.termux/files/usr/etc/npmrc
7 verbose title npm install express socket.io bcryptjs cors
8 verbose argv "install" "express" "socket.io" "bcryptjs" "cors"
9 verbose logfile logs-max:10 dir:/data/data/com.termux/files/home/.npm/_logs/2026-02-04T05_59_50_564Z-
10 verbose logfile /data/data/com.termux/files/home/.npm/_logs/2026-02-04T05_59_50_564Z-debug-0.log
11 silly logfile start cleaning logs, removing 1 files
12 silly packumentCache heap:827588608 maxSize:206897152 maxEntrySize:103448576
13 silly logfile done cleaning log files
14 silly idealTree buildDeps
15 silly fetch manifest express@*
16 silly packumentCache full:https://registry.npmjs.org/express cache-miss
17 http fetch GET 200 https://registry.npmjs.org/express 2924ms (cache revalidated)
18 silly packumentCache full:https://registry.npmjs.org/express set size:801222 disposed:false
19 silly fetch manifest socket.io@*
20 silly packumentCache full:https://registry.npmjs.org/socket.io cache-miss
21 http fetch GET 200 https://registry.npmjs.org/socket.io 186ms (cache revalidated)
22 silly packumentCache full:https://registry.npmjs.org/socket.io set size:379231 disposed:false
23 silly fetch manifest bcryptjs@*
24 silly packumentCache full:https://registry.npmjs.org/bcryptjs cache-miss
25 http fetch GET 200 https://registry.npmjs.org/bcryptjs 434ms (cache revalidated)
26 silly packumentCache full:https://registry.npmjs.org/bcryptjs set size:80409 disposed:false
27 silly fetch manifest cors@*
28 silly packumentCache full:https://registry.npmjs.org/cors cache-miss
29 http fetch GET 200 https://registry.npmjs.org/cors 180ms (cache revalidated)
30 silly packumentCache full:https://registry.npmjs.org/cors set size:77956 disposed:false
31 silly placeDep ROOT bcryptjs@3.0.3 OK for: color-wars-arena@1.0.0 want: *
32 silly placeDep ROOT cors@2.8.6 OK for: color-wars-arena@1.0.0 want: *
33 silly placeDep ROOT express@5.2.1 OK for: color-wars-arena@1.0.0 want: *
34 silly placeDep ROOT socket.io@4.8.3 OK for: color-wars-arena@1.0.0 want: *
35 silly fetch manifest object-assign@^4
36 silly packumentCache full:https://registry.npmjs.org/object-assign cache-miss
37 silly fetch manifest vary@^1
38 silly packumentCache full:https://registry.npmjs.org/vary cache-miss
39 silly fetch manifest qs@^6.14.0
40 silly packumentCache full:https://registry.npmjs.org/qs cache-miss
41 silly fetch manifest depd@^2.0.0
42 silly packumentCache full:https://registry.npmjs.org/depd cache-miss
43 silly fetch manifest etag@^1.8.1
44 silly packumentCache full:https://registry.npmjs.org/etag cache-miss
45 silly fetch manifest once@^1.4.0
46 silly packumentCache full:https://registry.npmjs.org/once cache-miss
47 silly fetch manifest send@^1.1.0
48 silly packumentCache full:https://registry.npmjs.org/send cache-miss
49 http fetch GET 200 https://registry.npmjs.org/object-assign 361ms (cache revalidated)
50 silly packumentCache full:https://registry.npmjs.org/object-assign set size:28988 disposed:false
51 silly fetch manifest vary@^1.1.2
52 silly packumentCache full:https://registry.npmjs.org/vary cache-miss
53 http fetch GET 200 https://registry.npmjs.org/vary 223ms (cache revalidated)
54 silly packumentCache full:https://registry.npmjs.org/vary set size:16018 disposed:false
55 silly fetch manifest debug@^4.4.0
56 silly packumentCache full:https://registry.npmjs.org/debug cache-miss
57 http fetch GET 200 https://registry.npmjs.org/vary 940ms (cache revalidated)
58 silly packumentCache full:https://registry.npmjs.org/vary set size:16018 disposed:false
59 silly packumentCache full:https://registry.npmjs.org/vary dispose
60 silly fetch manifest fresh@^2.0.0
61 silly packumentCache full:https://registry.npmjs.org/fresh cache-miss
62 http fetch GET 200 https://registry.npmjs.org/debug 362ms (cache revalidated)
63 silly packumentCache full:https://registry.npmjs.org/debug set size:195840 disposed:false
64 silly fetch manifest cookie@^0.7.1
65 silly packumentCache full:https://registry.npmjs.org/cookie cache-miss
66 http fetch GET 200 https://registry.npmjs.org/depd 1044ms (cache revalidated)
67 silly packumentCache full:https://registry.npmjs.org/depd set size:40182 disposed:false
68 silly fetch manifest router@^2.2.0
69 silly packumentCache full:https://registry.npmjs.org/router cache-miss
70 http fetch GET 200 https://registry.npmjs.org/qs 1082ms (cache revalidated)
71 silly packumentCache full:https://registry.npmjs.org/qs set size:268000 disposed:false
72 silly fetch manifest accepts@^2.0.0
73 silly packumentCache full:https://registry.npmjs.org/accepts cache-miss
74 http fetch GET 200 https://registry.npmjs.org/send 1139ms (cache revalidated)
75 silly packumentCache full:https://registry.npmjs.org/send set size:152810 disposed:false
76 silly fetch manifest type-is@^2.0.1
77 silly packumentCache full:https://registry.npmjs.org/type-is cache-miss
78 http fetch GET 200 https://registry.npmjs.org/etag 1178ms (cache revalidated)
79 silly packumentCache full:https://registry.npmjs.org/etag set size:30032 disposed:false
80 silly fetch manifest parseurl@^1.3.3
81 silly packumentCache full:https://registry.npmjs.org/parseurl cache-miss
82 http fetch GET 200 https://registry.npmjs.org/fresh 263ms (cache revalidated)
83 silly packumentCache full:https://registry.npmjs.org/fresh set size:25427 disposed:false
84 silly fetch manifest statuses@^2.0.1
85 silly packumentCache full:https://registry.npmjs.org/statuses cache-miss
86 http fetch GET 200 https://registry.npmjs.org/once 1209ms (cache revalidated)
87 silly packumentCache full:https://registry.npmjs.org/once set size:11768 disposed:false
88 silly fetch manifest encodeurl@^2.0.0
89 silly packumentCache full:https://registry.npmjs.org/encodeurl cache-miss
90 http fetch GET 200 https://registry.npmjs.org/cookie 276ms (cache revalidated)
91 silly packumentCache full:https://registry.npmjs.org/cookie set size:72891 disposed:false
92 silly fetch manifest mime-types@^3.0.0
93 silly packumentCache full:https://registry.npmjs.org/mime-types cache-miss
94 http fetch GET 200 https://registry.npmjs.org/router 443ms (cache revalidated)
95 silly packumentCache full:https://registry.npmjs.org/router set size:116499 disposed:false
96 silly fetch manifest proxy-addr@^2.0.7
97 silly packumentCache full:https://registry.npmjs.org/proxy-addr cache-miss
98 http fetch GET 200 https://registry.npmjs.org/type-is 422ms (cache revalidated)
99 silly packumentCache full:https://registry.npmjs.org/type-is set size:86196 disposed:false
100 silly fetch manifest body-parser@^2.2.1
101 silly packumentCache full:https://registry.npmjs.org/body-parser cache-miss
102 http fetch GET 200 https://registry.npmjs.org/accepts 520ms (cache revalidated)
103 silly packumentCache full:https://registry.npmjs.org/accepts set size:77054 disposed:false
104 silly fetch manifest escape-html@^1.0.3
105 silly packumentCache full:https://registry.npmjs.org/escape-html cache-miss
106 http fetch GET 200 https://registry.npmjs.org/parseurl 463ms (cache revalidated)
107 silly packumentCache full:https://registry.npmjs.org/parseurl set size:24148 disposed:false
108 silly fetch manifest http-errors@^2.0.0
109 silly packumentCache full:https://registry.npmjs.org/http-errors cache-miss
110 http fetch GET 200 https://registry.npmjs.org/encodeurl 446ms (cache revalidated)
111 silly packumentCache full:https://registry.npmjs.org/encodeurl set size:12296 disposed:false
112 silly fetch manifest on-finished@^2.4.1
113 silly packumentCache full:https://registry.npmjs.org/on-finished cache-miss
114 http fetch GET 200 https://registry.npmjs.org/statuses 532ms (cache revalidated)
115 silly packumentCache full:https://registry.npmjs.org/statuses set size:37117 disposed:false
116 silly fetch manifest content-type@^1.0.5
117 silly packumentCache full:https://registry.npmjs.org/content-type cache-miss
118 http fetch GET 200 https://registry.npmjs.org/mime-types 496ms (cache revalidated)
119 silly packumentCache full:https://registry.npmjs.org/mime-types set size:139110 disposed:false
120 silly fetch manifest finalhandler@^2.1.0
121 silly packumentCache full:https://registry.npmjs.org/finalhandler cache-miss
122 http fetch GET 200 https://registry.npmjs.org/proxy-addr 363ms (cache revalidated)
123 silly packumentCache full:https://registry.npmjs.org/proxy-addr set size:61619 disposed:false
124 silly fetch manifest range-parser@^1.2.1
125 silly packumentCache full:https://registry.npmjs.org/range-parser cache-miss
126 http fetch GET 200 https://registry.npmjs.org/body-parser 298ms (cache revalidated)
127 silly packumentCache full:https://registry.npmjs.org/body-parser set size:216830 disposed:false
128 silly fetch manifest serve-static@^2.2.0
129 silly packumentCache full:https://registry.npmjs.org/serve-static cache-miss
130 http fetch GET 200 https://registry.npmjs.org/http-errors 305ms (cache revalidated)
131 silly packumentCache full:https://registry.npmjs.org/http-errors set size:71987 disposed:false
132 silly fetch manifest cookie-signature@^1.2.1
133 silly packumentCache full:https://registry.npmjs.org/cookie-signature cache-miss
134 http fetch GET 200 https://registry.npmjs.org/escape-html 342ms (cache revalidated)
135 silly packumentCache full:https://registry.npmjs.org/escape-html set size:7345 disposed:false
136 silly fetch manifest merge-descriptors@^2.0.0
137 silly packumentCache full:https://registry.npmjs.org/merge-descriptors cache-miss
138 http fetch GET 200 https://registry.npmjs.org/finalhandler 233ms (cache revalidated)
139 silly packumentCache full:https://registry.npmjs.org/finalhandler set size:79291 disposed:false
140 silly fetch manifest content-disposition@^1.0.0
141 silly packumentCache full:https://registry.npmjs.org/content-disposition cache-miss
142 http fetch GET 200 https://registry.npmjs.org/on-finished 346ms (cache revalidated)
143 silly packumentCache full:https://registry.npmjs.org/on-finished set size:23212 disposed:false
144 silly fetch manifest accepts@~1.3.4
145 silly packumentCache full:https://registry.npmjs.org/accepts cache-hit
146 silly fetch manifest base64id@~2.0.0
147 silly packumentCache full:https://registry.npmjs.org/base64id cache-miss
148 http fetch GET 200 https://registry.npmjs.org/content-type 318ms (cache revalidated)
149 silly packumentCache full:https://registry.npmjs.org/content-type set size:17311 disposed:false
150 silly fetch manifest debug@~4.4.1
151 silly packumentCache full:https://registry.npmjs.org/debug cache-hit
152 silly fetch manifest engine.io@~6.6.0
153 silly packumentCache full:https://registry.npmjs.org/engine.io cache-miss
154 http fetch GET 200 https://registry.npmjs.org/range-parser 256ms (cache revalidated)
155 silly packumentCache full:https://registry.npmjs.org/range-parser set size:22228 disposed:false
156 silly fetch manifest socket.io-adapter@~2.5.2
157 silly packumentCache full:https://registry.npmjs.org/socket.io-adapter cache-miss
158 http fetch GET 200 https://registry.npmjs.org/serve-static 228ms (cache revalidated)
159 silly packumentCache full:https://registry.npmjs.org/serve-static set size:150391 disposed:false
160 silly fetch manifest socket.io-parser@~4.2.4
161 silly packumentCache full:https://registry.npmjs.org/socket.io-parser cache-miss
162 http fetch GET 200 https://registry.npmjs.org/cookie-signature 227ms (cache revalidated)
163 silly packumentCache full:https://registry.npmjs.org/cookie-signature set size:21777 disposed:false
164 http fetch GET 200 https://registry.npmjs.org/merge-descriptors 242ms (cache revalidated)
165 silly packumentCache full:https://registry.npmjs.org/merge-descriptors set size:16527 disposed:false
166 http fetch GET 200 https://registry.npmjs.org/base64id 196ms (cache revalidated)
167 silly packumentCache full:https://registry.npmjs.org/base64id set size:6136 disposed:false
168 http fetch GET 200 https://registry.npmjs.org/content-disposition 336ms (cache revalidated)
169 silly packumentCache full:https://registry.npmjs.org/content-disposition set size:34469 disposed:false
170 http fetch GET 200 https://registry.npmjs.org/engine.io 286ms (cache revalidated)
171 silly packumentCache full:https://registry.npmjs.org/engine.io set size:383941 disposed:false
172 http fetch GET 200 https://registry.npmjs.org/socket.io-adapter 264ms (cache revalidated)
173 silly packumentCache full:https://registry.npmjs.org/socket.io-adapter set size:66901 disposed:false
174 http fetch GET 200 https://registry.npmjs.org/socket.io-parser 381ms (cache revalidated)
175 silly packumentCache full:https://registry.npmjs.org/socket.io-parser set size:120299 disposed:false
176 silly placeDep ROOT object-assign@4.1.1 OK for: cors@2.8.6 want: ^4
177 silly placeDep ROOT vary@1.1.2 OK for: cors@2.8.6 want: ^1
178 silly placeDep ROOT accepts@2.0.0 OK for: express@5.2.1 want: ^2.0.0
179 silly placeDep ROOT body-parser@2.2.2 OK for: express@5.2.1 want: ^2.2.1
180 silly placeDep ROOT content-disposition@1.0.1 OK for: express@5.2.1 want: ^1.0.0
181 silly placeDep ROOT content-type@1.0.5 OK for: express@5.2.1 want: ^1.0.5
182 silly placeDep ROOT cookie@0.7.2 OK for: express@5.2.1 want: ^0.7.1
183 silly placeDep ROOT cookie-signature@1.2.2 OK for: express@5.2.1 want: ^1.2.1
184 silly placeDep ROOT debug@4.4.3 OK for: express@5.2.1 want: ^4.4.0
185 silly placeDep ROOT depd@2.0.0 OK for: express@5.2.1 want: ^2.0.0
186 silly placeDep ROOT encodeurl@2.0.0 OK for: express@5.2.1 want: ^2.0.0
187 silly placeDep ROOT escape-html@1.0.3 OK for: express@5.2.1 want: ^1.0.3
188 silly placeDep ROOT etag@1.8.1 OK for: express@5.2.1 want: ^1.8.1
189 silly placeDep ROOT finalhandler@2.1.1 OK for: express@5.2.1 want: ^2.1.0
190 silly placeDep ROOT fresh@2.0.0 OK for: express@5.2.1 want: ^2.0.0
191 silly placeDep ROOT http-errors@2.0.1 OK for: express@5.2.1 want: ^2.0.0
192 silly placeDep ROOT merge-descriptors@2.0.0 OK for: express@5.2.1 want: ^2.0.0
193 silly placeDep ROOT mime-types@3.0.2 OK for: express@5.2.1 want: ^3.0.0
194 silly placeDep ROOT on-finished@2.4.1 OK for: express@5.2.1 want: ^2.4.1
195 silly placeDep ROOT once@1.4.0 OK for: express@5.2.1 want: ^1.4.0
196 silly placeDep ROOT parseurl@1.3.3 OK for: express@5.2.1 want: ^1.3.3
197 silly placeDep ROOT proxy-addr@2.0.7 OK for: express@5.2.1 want: ^2.0.7
198 silly placeDep ROOT qs@6.14.1 OK for: express@5.2.1 want: ^6.14.0
199 silly placeDep ROOT range-parser@1.2.1 OK for: express@5.2.1 want: ^1.2.1
200 silly placeDep ROOT router@2.2.0 OK for: express@5.2.1 want: ^2.2.0
201 silly placeDep ROOT send@1.2.1 OK for: express@5.2.1 want: ^1.1.0
202 silly placeDep ROOT serve-static@2.2.1 OK for: express@5.2.1 want: ^2.2.0
203 silly placeDep ROOT statuses@2.0.2 OK for: express@5.2.1 want: ^2.0.1
204 silly placeDep ROOT type-is@2.0.1 OK for: express@5.2.1 want: ^2.0.1
205 silly fetch manifest negotiator@^1.0.0
206 silly packumentCache full:https://registry.npmjs.org/negotiator cache-miss
207 silly fetch manifest bytes@^3.1.2
208 silly packumentCache full:https://registry.npmjs.org/bytes cache-miss
209 silly fetch manifest debug@^4.4.3
210 silly packumentCache full:https://registry.npmjs.org/debug cache-hit
211 silly fetch manifest iconv-lite@^0.7.0
212 silly packumentCache full:https://registry.npmjs.org/iconv-lite cache-miss
213 silly fetch manifest qs@^6.14.1
214 silly packumentCache full:https://registry.npmjs.org/qs cache-hit
215 silly fetch manifest raw-body@^3.0.1
216 silly packumentCache full:https://registry.npmjs.org/raw-body cache-miss
217 silly fetch manifest ms@^2.1.3
218 silly packumentCache full:https://registry.npmjs.org/ms cache-miss
219 silly fetch manifest inherits@~2.0.4
220 silly packumentCache full:https://registry.npmjs.org/inherits cache-miss
221 silly fetch manifest setprototypeof@~1.2.0
222 silly packumentCache full:https://registry.npmjs.org/setprototypeof cache-miss
223 http fetch GET 200 https://registry.npmjs.org/negotiator 264ms (cache revalidated)
224 silly packumentCache full:https://registry.npmjs.org/negotiator set size:48046 disposed:false
225 silly fetch manifest statuses@~2.0.2
226 silly packumentCache full:https://registry.npmjs.org/statuses cache-hit
227 silly fetch manifest toidentifier@~1.0.1
228 silly packumentCache full:https://registry.npmjs.org/toidentifier cache-miss
229 http fetch GET 200 https://registry.npmjs.org/raw-body 336ms (cache revalidated)
230 silly packumentCache full:https://registry.npmjs.org/raw-body set size:117822 disposed:false
231 silly fetch manifest mime-db@^1.54.0
232 silly packumentCache full:https://registry.npmjs.org/mime-db cache-miss
233 http fetch GET 200 https://registry.npmjs.org/bytes 395ms (cache revalidated)
234 silly packumentCache full:https://registry.npmjs.org/bytes set size:37018 disposed:false
235 silly fetch manifest ee-first@1.1.1
236 silly packumentCache full:https://registry.npmjs.org/ee-first cache-miss
237 http fetch GET 200 https://registry.npmjs.org/inherits 372ms (cache revalidated)
238 silly packumentCache full:https://registry.npmjs.org/inherits set size:12925 disposed:false
239 silly fetch manifest wrappy@1
240 silly packumentCache full:https://registry.npmjs.org/wrappy cache-miss
241 http fetch GET 200 https://registry.npmjs.org/ms 402ms (cache revalidated)
242 silly packumentCache full:https://registry.npmjs.org/ms set size:92208 disposed:false
243 silly fetch manifest forwarded@0.2.0
244 silly packumentCache full:https://registry.npmjs.org/forwarded cache-miss
245 http fetch GET 200 https://registry.npmjs.org/iconv-lite 473ms (cache revalidated)
246 silly packumentCache full:https://registry.npmjs.org/iconv-lite set size:120557 disposed:false
247 silly fetch manifest ipaddr.js@1.9.1
248 silly packumentCache full:https://registry.npmjs.org/ipaddr.js cache-miss
249 http fetch GET 200 https://registry.npmjs.org/setprototypeof 504ms (cache revalidated)
250 silly packumentCache full:https://registry.npmjs.org/setprototypeof set size:14532 disposed:false
251 silly fetch manifest side-channel@^1.1.0
252 silly packumentCache full:https://registry.npmjs.org/side-channel cache-miss
253 http fetch GET 200 https://registry.npmjs.org/toidentifier 482ms (cache revalidated)
254 silly packumentCache full:https://registry.npmjs.org/toidentifier set size:12006 disposed:false
255 silly fetch manifest is-promise@^4.0.0
256 silly packumentCache full:https://registry.npmjs.org/is-promise cache-miss
257 http fetch GET 200 https://registry.npmjs.org/ee-first 384ms (cache revalidated)
258 silly packumentCache full:https://registry.npmjs.org/ee-first set size:15327 disposed:false
259 silly fetch manifest path-to-regexp@^8.0.0
260 silly packumentCache full:https://registry.npmjs.org/path-to-regexp cache-miss
261 http fetch GET 200 https://registry.npmjs.org/mime-db 426ms (cache revalidated)
262 silly packumentCache full:https://registry.npmjs.org/mime-db set size:164953 disposed:false
263 silly fetch manifest statuses@^2.0.2
264 silly packumentCache full:https://registry.npmjs.org/statuses cache-hit
265 silly fetch manifest media-typer@^1.1.0
266 silly packumentCache full:https://registry.npmjs.org/media-typer cache-miss
267 http fetch GET 200 https://registry.npmjs.org/wrappy 444ms (cache revalidated)
268 silly packumentCache full:https://registry.npmjs.org/wrappy set size:7682 disposed:false
269 http fetch GET 200 https://registry.npmjs.org/ipaddr.js 368ms (cache revalidated)
270 silly packumentCache full:https://registry.npmjs.org/ipaddr.js set size:67857 disposed:false
271 http fetch GET 200 https://registry.npmjs.org/side-channel 325ms (cache revalidated)
272 silly packumentCache full:https://registry.npmjs.org/side-channel set size:24660 disposed:false
273 http fetch GET 200 https://registry.npmjs.org/forwarded 496ms (cache revalidated)
274 silly packumentCache full:https://registry.npmjs.org/forwarded set size:11229 disposed:false
275 http fetch GET 200 https://registry.npmjs.org/is-promise 264ms (cache revalidated)
276 silly packumentCache full:https://registry.npmjs.org/is-promise set size:18599 disposed:false
277 http fetch GET 200 https://registry.npmjs.org/path-to-regexp 306ms (cache revalidated)
278 silly packumentCache full:https://registry.npmjs.org/path-to-regexp set size:207142 disposed:false
279 http fetch GET 200 https://registry.npmjs.org/media-typer 339ms (cache revalidated)
280 silly packumentCache full:https://registry.npmjs.org/media-typer set size:20873 disposed:false
281 silly placeDep ROOT negotiator@1.0.0 OK for: accepts@2.0.0 want: ^1.0.0
282 silly placeDep ROOT bytes@3.1.2 OK for: body-parser@2.2.2 want: ^3.1.2
283 silly placeDep ROOT iconv-lite@0.7.2 OK for: body-parser@2.2.2 want: ^0.7.0
284 silly placeDep ROOT raw-body@3.0.2 OK for: body-parser@2.2.2 want: ^3.0.1
285 silly fetch manifest safer-buffer@>= 2.1.2 < 3.0.0
286 silly packumentCache full:https://registry.npmjs.org/safer-buffer cache-miss
287 silly fetch manifest unpipe@~1.0.0
288 silly packumentCache full:https://registry.npmjs.org/unpipe cache-miss
289 http fetch GET 200 https://registry.npmjs.org/unpipe 151ms (cache revalidated)
290 silly packumentCache full:https://registry.npmjs.org/unpipe set size:3609 disposed:false
291 http fetch GET 200 https://registry.npmjs.org/safer-buffer 390ms (cache revalidated)
292 silly packumentCache full:https://registry.npmjs.org/safer-buffer set size:18521 disposed:false
293 silly placeDep ROOT ms@2.1.3 OK for: debug@4.4.3 want: ^2.1.3
294 silly placeDep ROOT inherits@2.0.4 OK for: http-errors@2.0.1 want: ~2.0.4
295 silly placeDep ROOT setprototypeof@1.2.0 OK for: http-errors@2.0.1 want: ~1.2.0
296 silly placeDep ROOT toidentifier@1.0.1 OK for: http-errors@2.0.1 want: ~1.0.1
297 silly placeDep ROOT safer-buffer@2.1.2 OK for: iconv-lite@0.7.2 want: >= 2.1.2 < 3.0.0
298 silly placeDep ROOT mime-db@1.54.0 OK for: mime-types@3.0.2 want: ^1.54.0
299 silly placeDep ROOT ee-first@1.1.1 OK for: on-finished@2.4.1 want: 1.1.1
300 silly placeDep ROOT wrappy@1.0.2 OK for: once@1.4.0 want: 1
301 silly placeDep ROOT forwarded@0.2.0 OK for: proxy-addr@2.0.7 want: 0.2.0
302 silly placeDep ROOT ipaddr.js@1.9.1 OK for: proxy-addr@2.0.7 want: 1.9.1
303 silly placeDep ROOT side-channel@1.1.0 OK for: qs@6.14.1 want: ^1.1.0
304 silly fetch manifest es-errors@^1.3.0
305 silly packumentCache full:https://registry.npmjs.org/es-errors cache-miss
306 silly fetch manifest object-inspect@^1.13.3
307 silly packumentCache full:https://registry.npmjs.org/object-inspect cache-miss
308 silly fetch manifest side-channel-list@^1.0.0
309 silly packumentCache full:https://registry.npmjs.org/side-channel-list cache-miss
310 silly fetch manifest side-channel-map@^1.0.1
311 silly packumentCache full:https://registry.npmjs.org/side-channel-map cache-miss
312 silly fetch manifest side-channel-weakmap@^1.0.2
313 silly packumentCache full:https://registry.npmjs.org/side-channel-weakmap cache-miss
314 http fetch GET 200 https://registry.npmjs.org/es-errors 163ms (cache revalidated)
315 silly packumentCache full:https://registry.npmjs.org/es-errors set size:16918 disposed:false
316 http fetch GET 200 https://registry.npmjs.org/side-channel-weakmap 221ms (cache revalidated)
317 silly packumentCache full:https://registry.npmjs.org/side-channel-weakmap set size:12620 disposed:false
318 http fetch GET 200 https://registry.npmjs.org/object-inspect 242ms (cache revalidated)
319 silly packumentCache full:https://registry.npmjs.org/object-inspect set size:101912 disposed:false
320 http fetch GET 200 https://registry.npmjs.org/side-channel-map 439ms (cache revalidated)
321 silly packumentCache full:https://registry.npmjs.org/side-channel-map set size:9126 disposed:false
322 http fetch GET 200 https://registry.npmjs.org/side-channel-list 455ms (cache revalidated)
323 silly packumentCache full:https://registry.npmjs.org/side-channel-list set size:6005 disposed:false
324 silly placeDep ROOT unpipe@1.0.0 OK for: raw-body@3.0.2 want: ~1.0.0
325 silly placeDep ROOT is-promise@4.0.0 OK for: router@2.2.0 want: ^4.0.0
326 silly placeDep ROOT path-to-regexp@8.3.0 OK for: router@2.2.0 want: ^8.0.0
327 silly placeDep ROOT es-errors@1.3.0 OK for: side-channel@1.1.0 want: ^1.3.0
328 silly placeDep ROOT object-inspect@1.13.4 OK for: side-channel@1.1.0 want: ^1.13.3
329 silly placeDep ROOT side-channel-list@1.0.0 OK for: side-channel@1.1.0 want: ^1.0.0
330 silly placeDep ROOT side-channel-map@1.0.1 OK for: side-channel@1.1.0 want: ^1.0.1
331 silly placeDep ROOT side-channel-weakmap@1.0.2 OK for: side-channel@1.1.0 want: ^1.0.2
332 silly fetch manifest call-bound@^1.0.2
333 silly packumentCache full:https://registry.npmjs.org/call-bound cache-miss
334 silly fetch manifest get-intrinsic@^1.2.5
335 silly packumentCache full:https://registry.npmjs.org/get-intrinsic cache-miss
336 silly fetch manifest call-bound@^1.0.2
337 silly packumentCache full:https://registry.npmjs.org/call-bound cache-miss
338 silly fetch manifest get-intrinsic@^1.2.5
339 silly packumentCache full:https://registry.npmjs.org/get-intrinsic cache-miss
340 http fetch GET 200 https://registry.npmjs.org/call-bound 192ms (cache revalidated)
341 silly packumentCache full:https://registry.npmjs.org/call-bound set size:15317 disposed:false
342 http fetch GET 200 https://registry.npmjs.org/call-bound 213ms (cache revalidated)
343 silly packumentCache full:https://registry.npmjs.org/call-bound set size:15317 disposed:false
344 silly packumentCache full:https://registry.npmjs.org/call-bound dispose
345 http fetch GET 200 https://registry.npmjs.org/get-intrinsic 212ms (cache revalidated)
346 silly packumentCache full:https://registry.npmjs.org/get-intrinsic set size:60985 disposed:false
347 http fetch GET 200 https://registry.npmjs.org/get-intrinsic 255ms (cache revalidated)
348 silly packumentCache full:https://registry.npmjs.org/get-intrinsic set size:60985 disposed:false
349 silly packumentCache full:https://registry.npmjs.org/get-intrinsic dispose
350 silly placeDep ROOT call-bound@1.0.4 OK for: side-channel-map@1.0.1 want: ^1.0.2
351 silly placeDep ROOT get-intrinsic@1.3.0 OK for: side-channel-map@1.0.1 want: ^1.2.5
352 silly fetch manifest call-bind-apply-helpers@^1.0.2
353 silly packumentCache full:https://registry.npmjs.org/call-bind-apply-helpers cache-miss
354 silly fetch manifest get-intrinsic@^1.3.0
355 silly packumentCache full:https://registry.npmjs.org/get-intrinsic cache-hit
356 silly fetch manifest gopd@^1.2.0
357 silly packumentCache full:https://registry.npmjs.org/gopd cache-miss
358 silly fetch manifest hasown@^2.0.2
359 silly packumentCache full:https://registry.npmjs.org/hasown cache-miss
360 silly fetch manifest get-proto@^1.0.1
361 silly packumentCache full:https://registry.npmjs.org/get-proto cache-miss
362 silly fetch manifest has-symbols@^1.1.0
363 silly packumentCache full:https://registry.npmjs.org/has-symbols cache-miss
364 silly fetch manifest function-bind@^1.1.2
365 silly packumentCache full:https://registry.npmjs.org/function-bind cache-miss
366 silly fetch manifest es-object-atoms@^1.1.1
367 silly packumentCache full:https://registry.npmjs.org/es-object-atoms cache-miss
368 http fetch GET 200 https://registry.npmjs.org/hasown 272ms (cache revalidated)
369 silly packumentCache full:https://registry.npmjs.org/hasown set size:12476 disposed:false
370 silly fetch manifest math-intrinsics@^1.1.0
371 silly packumentCache full:https://registry.npmjs.org/math-intrinsics cache-miss
372 http fetch GET 200 https://registry.npmjs.org/get-proto 306ms (cache revalidated)
373 silly packumentCache full:https://registry.npmjs.org/get-proto set size:8300 disposed:false
374 silly fetch manifest es-define-property@^1.0.1
375 silly packumentCache full:https://registry.npmjs.org/es-define-property cache-miss
376 http fetch GET 200 https://registry.npmjs.org/call-bind-apply-helpers 336ms (cache revalidated)
377 silly packumentCache full:https://registry.npmjs.org/call-bind-apply-helpers set size:12744 disposed:false
378 http fetch GET 200 https://registry.npmjs.org/has-symbols 332ms (cache revalidated)
379 silly packumentCache full:https://registry.npmjs.org/has-symbols set size:21550 disposed:false
380 http fetch GET 200 https://registry.npmjs.org/function-bind 339ms (cache revalidated)
381 silly packumentCache full:https://registry.npmjs.org/function-bind set size:15733 disposed:false
382 http fetch GET 200 https://registry.npmjs.org/es-object-atoms 363ms (cache revalidated)
383 silly packumentCache full:https://registry.npmjs.org/es-object-atoms set size:15304 disposed:false
384 http fetch GET 200 https://registry.npmjs.org/gopd 391ms (cache revalidated)
385 silly packumentCache full:https://registry.npmjs.org/gopd set size:11458 disposed:false
386 http fetch GET 200 https://registry.npmjs.org/math-intrinsics 272ms (cache revalidated)
387 silly packumentCache full:https://registry.npmjs.org/math-intrinsics set size:9265 disposed:false
388 http fetch GET 200 https://registry.npmjs.org/es-define-property 826ms (cache revalidated)
389 silly packumentCache full:https://registry.npmjs.org/es-define-property set size:8542 disposed:false
390 silly placeDep ROOT call-bind-apply-helpers@1.0.2 OK for: call-bound@1.0.4 want: ^1.0.2
391 silly placeDep ROOT function-bind@1.1.2 OK for: call-bind-apply-helpers@1.0.2 want: ^1.1.2
392 silly placeDep ROOT es-define-property@1.0.1 OK for: get-intrinsic@1.3.0 want: ^1.0.1
393 silly placeDep ROOT es-object-atoms@1.1.1 OK for: get-intrinsic@1.3.0 want: ^1.1.1
394 silly placeDep ROOT get-proto@1.0.1 OK for: get-intrinsic@1.3.0 want: ^1.0.1
395 silly placeDep ROOT gopd@1.2.0 OK for: get-intrinsic@1.3.0 want: ^1.2.0
396 silly placeDep ROOT has-symbols@1.1.0 OK for: get-intrinsic@1.3.0 want: ^1.1.0
397 silly placeDep ROOT hasown@2.0.2 OK for: get-intrinsic@1.3.0 want: ^2.0.2
398 silly placeDep ROOT math-intrinsics@1.1.0 OK for: get-intrinsic@1.3.0 want: ^1.1.0
399 silly fetch manifest dunder-proto@^1.0.1
400 silly packumentCache full:https://registry.npmjs.org/dunder-proto cache-miss
401 http fetch GET 200 https://registry.npmjs.org/dunder-proto 512ms (cache revalidated)
402 silly packumentCache full:https://registry.npmjs.org/dunder-proto set size:8256 disposed:false
403 silly placeDep ROOT dunder-proto@1.0.1 OK for: get-proto@1.0.1 want: ^1.0.1
404 silly placeDep node_modules/socket.io accepts@1.3.8 OK for: socket.io@4.8.3 want: ~1.3.4
405 silly placeDep ROOT base64id@2.0.0 OK for: socket.io@4.8.3 want: ~2.0.0
406 silly placeDep ROOT engine.io@6.6.5 OK for: socket.io@4.8.3 want: ~6.6.0
407 silly placeDep ROOT socket.io-adapter@2.5.6 OK for: socket.io@4.8.3 want: ~2.5.2
408 silly placeDep ROOT socket.io-parser@4.2.5 OK for: socket.io@4.8.3 want: ~4.2.4
409 silly fetch manifest mime-types@~2.1.34
410 silly packumentCache full:https://registry.npmjs.org/mime-types cache-hit
411 silly fetch manifest negotiator@0.6.3
412 silly packumentCache full:https://registry.npmjs.org/negotiator cache-hit
413 silly fetch manifest @types/cors@^2.8.12
414 silly packumentCache full:https://registry.npmjs.org/@types%2fcors cache-miss
415 silly fetch manifest @types/node@>=10.0.0
416 silly packumentCache full:https://registry.npmjs.org/@types%2fnode cache-miss
417 silly fetch manifest engine.io-parser@~5.2.1
418 silly packumentCache full:https://registry.npmjs.org/engine.io-parser cache-miss
419 silly fetch manifest ws@~8.18.3
420 silly packumentCache full:https://registry.npmjs.org/ws cache-miss
421 silly fetch manifest ws@~8.18.3
422 silly packumentCache full:https://registry.npmjs.org/ws cache-miss
423 silly fetch manifest @socket.io/component-emitter@~3.1.0
424 silly packumentCache full:https://registry.npmjs.org/@socket.io%2fcomponent-emitter cache-miss
425 http fetch GET 200 https://registry.npmjs.org/@types%2fcors 323ms (cache revalidated)
426 silly packumentCache full:https://registry.npmjs.org/@types%2fcors set size:56991 disposed:false
427 http fetch GET 200 https://registry.npmjs.org/engine.io-parser 348ms (cache revalidated)
428 silly packumentCache full:https://registry.npmjs.org/engine.io-parser set size:116455 disposed:false
429 http fetch GET 200 https://registry.npmjs.org/@socket.io%2fcomponent-emitter 367ms (cache revalidated)
430 silly packumentCache full:https://registry.npmjs.org/@socket.io%2fcomponent-emitter set size:14099 disposed:false
431 http fetch GET 200 https://registry.npmjs.org/ws 432ms (cache revalidated)
432 silly packumentCache full:https://registry.npmjs.org/ws set size:413307 disposed:false
433 http fetch GET 200 https://registry.npmjs.org/ws 630ms (cache revalidated)
434 silly packumentCache full:https://registry.npmjs.org/ws set size:413307 disposed:false
435 silly packumentCache full:https://registry.npmjs.org/ws dispose
436 http fetch GET 200 https://registry.npmjs.org/@types%2fnode 865ms (cache revalidated)
437 silly packumentCache full:https://registry.npmjs.org/@types%2fnode set size:10819254 disposed:false
438 silly fetch manifest bufferutil@^4.0.1
439 silly packumentCache full:https://registry.npmjs.org/bufferutil cache-miss
440 http fetch GET 200 https://registry.npmjs.org/bufferutil 142ms (cache revalidated)
441 silly packumentCache full:https://registry.npmjs.org/bufferutil set size:52763 disposed:false
442 silly fetch manifest utf-8-validate@>=5.0.2
443 silly packumentCache full:https://registry.npmjs.org/utf-8-validate cache-miss
444 http fetch GET 200 https://registry.npmjs.org/utf-8-validate 137ms (cache revalidated)
445 silly packumentCache full:https://registry.npmjs.org/utf-8-validate set size:77148 disposed:false
446 silly placeDep ROOT @types/cors@2.8.19 OK for: engine.io@6.6.5 want: ^2.8.12
447 silly placeDep ROOT @types/node@25.2.0 OK for: engine.io@6.6.5 want: >=10.0.0
448 silly placeDep node_modules/engine.io accepts@1.3.8 OK for: engine.io@6.6.5 want: ~1.3.4
449 silly placeDep ROOT engine.io-parser@5.2.3 OK for: engine.io@6.6.5 want: ~5.2.1
450 silly placeDep ROOT ws@8.18.3 OK for: engine.io@6.6.5 want: ~8.18.3
451 silly fetch manifest @types/node@*
452 silly packumentCache full:https://registry.npmjs.org/@types%2fnode cache-miss
453 silly fetch manifest undici-types@~7.16.0
454 silly packumentCache full:https://registry.npmjs.org/undici-types cache-miss
455 http cache https://registry.npmjs.org/@types%2fnode 284ms (cache hit)
456 silly packumentCache full:https://registry.npmjs.org/@types%2fnode set size:10819254 disposed:false
457 http fetch GET 200 https://registry.npmjs.org/undici-types 2179ms (cache revalidated)
458 silly packumentCache full:https://registry.npmjs.org/undici-types set size:167447 disposed:false
459 silly placeDep ROOT undici-types@7.16.0 OK for: @types/node@25.2.0 want: ~7.16.0
460 silly placeDep ROOT @socket.io/component-emitter@3.1.2 OK for: socket.io-parser@4.2.5 want: ~3.1.0
461 silly placeDep ROOT media-typer@1.1.0 OK for: type-is@2.0.1 want: ^1.1.0
462 silly placeDep node_modules/engine.io mime-types@2.1.35 OK for: accepts@1.3.8 want: ~2.1.34
463 silly placeDep node_modules/engine.io negotiator@0.6.3 OK for: accepts@1.3.8 want: 0.6.3
464 silly fetch manifest mime-db@1.52.0
465 silly packumentCache full:https://registry.npmjs.org/mime-db cache-hit
466 silly placeDep node_modules/engine.io mime-db@1.52.0 OK for: mime-types@2.1.35 want: 1.52.0
467 silly placeDep node_modules/socket.io mime-types@2.1.35 OK for: accepts@1.3.8 want: ~2.1.34
468 silly placeDep node_modules/socket.io negotiator@0.6.3 OK for: accepts@1.3.8 want: 0.6.3
469 silly placeDep node_modules/socket.io mime-db@1.52.0 OK for: mime-types@2.1.35 want: 1.52.0
470 silly reify moves {}
471 silly audit bulk request {
471 silly audit   bcryptjs: [ '3.0.3' ],
471 silly audit   cors: [ '2.8.6' ],
471 silly audit   express: [ '5.2.1' ],
471 silly audit   'socket.io': [ '4.8.3' ],
471 silly audit   'object-assign': [ '4.1.1' ],
471 silly audit   vary: [ '1.1.2' ],
471 silly audit   accepts: [ '2.0.0', '1.3.8' ],
471 silly audit   'body-parser': [ '2.2.2' ],
471 silly audit   'content-disposition': [ '1.0.1' ],
471 silly audit   'content-type': [ '1.0.5' ],
471 silly audit   cookie: [ '0.7.2' ],
471 silly audit   'cookie-signature': [ '1.2.2' ],
471 silly audit   debug: [ '4.4.3' ],
471 silly audit   depd: [ '2.0.0' ],
471 silly audit   encodeurl: [ '2.0.0' ],
471 silly audit   'escape-html': [ '1.0.3' ],
471 silly audit   etag: [ '1.8.1' ],
471 silly audit   finalhandler: [ '2.1.1' ],
471 silly audit   fresh: [ '2.0.0' ],
471 silly audit   'http-errors': [ '2.0.1' ],
471 silly audit   'merge-descriptors': [ '2.0.0' ],
471 silly audit   'mime-types': [ '3.0.2', '2.1.35' ],
471 silly audit   'on-finished': [ '2.4.1' ],
471 silly audit   once: [ '1.4.0' ],
471 silly audit   parseurl: [ '1.3.3' ],
471 silly audit   'proxy-addr': [ '2.0.7' ],
471 silly audit   qs: [ '6.14.1' ],
471 silly audit   'range-parser': [ '1.2.1' ],
471 silly audit   router: [ '2.2.0' ],
471 silly audit   send: [ '1.2.1' ],
471 silly audit   'serve-static': [ '2.2.1' ],
471 silly audit   statuses: [ '2.0.2' ],
471 silly audit   'type-is': [ '2.0.1' ],
471 silly audit   negotiator: [ '1.0.0', '0.6.3' ],
471 silly audit   bytes: [ '3.1.2' ],
471 silly audit   'iconv-lite': [ '0.7.2' ],
471 silly audit   'raw-body': [ '3.0.2' ],
471 silly audit   ms: [ '2.1.3' ],
471 silly audit   inherits: [ '2.0.4' ],
471 silly audit   setprototypeof: [ '1.2.0' ],
471 silly audit   toidentifier: [ '1.0.1' ],
471 silly audit   'safer-buffer': [ '2.1.2' ],
471 silly audit   'mime-db': [ '1.54.0', '1.52.0' ],
471 silly audit   'ee-first': [ '1.1.1' ],
471 silly audit   wrappy: [ '1.0.2' ],
471 silly audit   forwarded: [ '0.2.0' ],
471 silly audit   'ipaddr.js': [ '1.9.1' ],
471 silly audit   'side-channel': [ '1.1.0' ],
471 silly audit   unpipe: [ '1.0.0' ],
471 silly audit   'is-promise': [ '4.0.0' ],
471 silly audit   'path-to-regexp': [ '8.3.0' ],
471 silly audit   'es-errors': [ '1.3.0' ],
471 silly audit   'object-inspect': [ '1.13.4' ],
471 silly audit   'side-channel-list': [ '1.0.0' ],
471 silly audit   'side-channel-map': [ '1.0.1' ],
471 silly audit   'side-channel-weakmap': [ '1.0.2' ],
471 silly audit   'call-bound': [ '1.0.4' ],
471 silly audit   'get-intrinsic': [ '1.3.0' ],
471 silly audit   'call-bind-apply-helpers': [ '1.0.2' ],
471 silly audit   'function-bind': [ '1.1.2' ],
471 silly audit   'es-define-property': [ '1.0.1' ],
471 silly audit   'es-object-atoms': [ '1.1.1' ],
471 silly audit   'get-proto': [ '1.0.1' ],
471 silly audit   gopd: [ '1.2.0' ],
471 silly audit   'has-symbols': [ '1.1.0' ],
471 silly audit   hasown: [ '2.0.2' ],
471 silly audit   'math-intrinsics': [ '1.1.0' ],
471 silly audit   'dunder-proto': [ '1.0.1' ],
471 silly audit   base64id: [ '2.0.0' ],
471 silly audit   'engine.io': [ '6.6.5' ],
471 silly audit   'socket.io-adapter': [ '2.5.6' ],
471 silly audit   'socket.io-parser': [ '4.2.5' ],
471 silly audit   '@types/cors': [ '2.8.19' ],
471 silly audit   '@types/node': [ '25.2.0' ],
471 silly audit   'engine.io-parser': [ '5.2.3' ],
471 silly audit   ws: [ '8.18.3' ],
471 silly audit   'undici-types': [ '7.16.0' ],
471 silly audit   '@socket.io/component-emitter': [ '3.1.2' ],
471 silly audit   'media-typer': [ '1.1.0' ]
471 silly audit }
472 http cache media-typer@https://registry.npmjs.org/media-typer/-/media-typer-1.1.0.tgz 0ms (cache hit)
473 http cache @socket.io/component-emitter@https://registry.npmjs.org/@socket.io/component-emitter/-/component-emitter-3.1.2.tgz 0ms (cache hit)
474 http cache undici-types@https://registry.npmjs.org/undici-types/-/undici-types-7.16.0.tgz 0ms (cache hit)
475 http cache engine.io-parser@https://registry.npmjs.org/engine.io-parser/-/engine.io-parser-5.2.3.tgz 0ms (cache hit)
476 http cache ws@https://registry.npmjs.org/ws/-/ws-8.18.3.tgz 0ms (cache hit)
477 http cache @types/node@https://registry.npmjs.org/@types/node/-/node-25.2.0.tgz 0ms (cache hit)
478 http cache @types/cors@https://registry.npmjs.org/@types/cors/-/cors-2.8.19.tgz 0ms (cache hit)
479 http cache socket.io-parser@https://registry.npmjs.org/socket.io-parser/-/socket.io-parser-4.2.5.tgz 1ms (cache hit)
480 http cache engine.io@https://registry.npmjs.org/engine.io/-/engine.io-6.6.5.tgz 0ms (cache hit)
481 http cache socket.io-adapter@https://registry.npmjs.org/socket.io-adapter/-/socket.io-adapter-2.5.6.tgz 0ms (cache hit)
482 http cache base64id@https://registry.npmjs.org/base64id/-/base64id-2.0.0.tgz 0ms (cache hit)
483 http cache math-intrinsics@https://registry.npmjs.org/math-intrinsics/-/math-intrinsics-1.1.0.tgz 0ms (cache hit)
484 http cache hasown@https://registry.npmjs.org/hasown/-/hasown-2.0.2.tgz 0ms (cache hit)
485 http cache has-symbols@https://registry.npmjs.org/has-symbols/-/has-symbols-1.1.0.tgz 0ms (cache hit)
486 http cache dunder-proto@https://registry.npmjs.org/dunder-proto/-/dunder-proto-1.0.1.tgz 0ms (cache hit)
487 http cache gopd@https://registry.npmjs.org/gopd/-/gopd-1.2.0.tgz 1ms (cache hit)
488 http cache get-proto@https://registry.npmjs.org/get-proto/-/get-proto-1.0.1.tgz 0ms (cache hit)
489 http cache es-object-atoms@https://registry.npmjs.org/es-object-atoms/-/es-object-atoms-1.1.1.tgz 0ms (cache hit)
490 http cache es-define-property@https://registry.npmjs.org/es-define-property/-/es-define-property-1.0.1.tgz 0ms (cache hit)
491 http cache function-bind@https://registry.npmjs.org/function-bind/-/function-bind-1.1.2.tgz 0ms (cache hit)
492 http cache call-bind-apply-helpers@https://registry.npmjs.org/call-bind-apply-helpers/-/call-bind-apply-helpers-1.0.2.tgz 0ms (cache hit)
493 http cache get-intrinsic@https://registry.npmjs.org/get-intrinsic/-/get-intrinsic-1.3.0.tgz 0ms (cache hit)
494 http cache call-bound@https://registry.npmjs.org/call-bound/-/call-bound-1.0.4.tgz 0ms (cache hit)
495 http cache side-channel-map@https://registry.npmjs.org/side-channel-map/-/side-channel-map-1.0.1.tgz 0ms (cache hit)
496 http cache side-channel-weakmap@https://registry.npmjs.org/side-channel-weakmap/-/side-channel-weakmap-1.0.2.tgz 0ms (cache hit)
497 http cache side-channel-list@https://registry.npmjs.org/side-channel-list/-/side-channel-list-1.0.0.tgz 0ms (cache hit)
498 http cache object-inspect@https://registry.npmjs.org/object-inspect/-/object-inspect-1.13.4.tgz 1ms (cache hit)
499 http cache es-errors@https://registry.npmjs.org/es-errors/-/es-errors-1.3.0.tgz 0ms (cache hit)
500 http cache path-to-regexp@https://registry.npmjs.org/path-to-regexp/-/path-to-regexp-8.3.0.tgz 0ms (cache hit)
501 http cache is-promise@https://registry.npmjs.org/is-promise/-/is-promise-4.0.0.tgz 0ms (cache hit)
502 http cache unpipe@https://registry.npmjs.org/unpipe/-/unpipe-1.0.0.tgz 0ms (cache hit)
503 http cache side-channel@https://registry.npmjs.org/side-channel/-/side-channel-1.1.0.tgz 0ms (cache hit)
504 http cache ipaddr.js@https://registry.npmjs.org/ipaddr.js/-/ipaddr.js-1.9.1.tgz 0ms (cache hit)
505 http cache forwarded@https://registry.npmjs.org/forwarded/-/forwarded-0.2.0.tgz 0ms (cache hit)
506 http cache wrappy@https://registry.npmjs.org/wrappy/-/wrappy-1.0.2.tgz 0ms (cache hit)
507 http cache mime-db@https://registry.npmjs.org/mime-db/-/mime-db-1.54.0.tgz 0ms (cache hit)
508 http cache safer-buffer@https://registry.npmjs.org/safer-buffer/-/safer-buffer-2.1.2.tgz 0ms (cache hit)
509 http cache setprototypeof@https://registry.npmjs.org/setprototypeof/-/setprototypeof-1.2.0.tgz 0ms (cache hit)
510 http cache toidentifier@https://registry.npmjs.org/toidentifier/-/toidentifier-1.0.1.tgz 0ms (cache hit)
511 http cache inherits@https://registry.npmjs.org/inherits/-/inherits-2.0.4.tgz 0ms (cache hit)
512 http cache ms@https://registry.npmjs.org/ms/-/ms-2.1.3.tgz 0ms (cache hit)
513 http cache raw-body@https://registry.npmjs.org/raw-body/-/raw-body-3.0.2.tgz 0ms (cache hit)
514 http cache iconv-lite@https://registry.npmjs.org/iconv-lite/-/iconv-lite-0.7.2.tgz 0ms (cache hit)
515 http cache bytes@https://registry.npmjs.org/bytes/-/bytes-3.1.2.tgz 0ms (cache hit)
516 http cache ee-first@https://registry.npmjs.org/ee-first/-/ee-first-1.1.1.tgz 1ms (cache hit)
517 http cache negotiator@https://registry.npmjs.org/negotiator/-/negotiator-1.0.0.tgz 0ms (cache hit)
518 http cache type-is@https://registry.npmjs.org/type-is/-/type-is-2.0.1.tgz 0ms (cache hit)
519 http cache statuses@https://registry.npmjs.org/statuses/-/statuses-2.0.2.tgz 0ms (cache hit)
520 http cache send@https://registry.npmjs.org/send/-/send-1.2.1.tgz 1ms (cache hit)
521 http cache router@https://registry.npmjs.org/router/-/router-2.2.0.tgz 0ms (cache hit)
522 http cache serve-static@https://registry.npmjs.org/serve-static/-/serve-static-2.2.1.tgz 0ms (cache hit)
523 http cache range-parser@https://registry.npmjs.org/range-parser/-/range-parser-1.2.1.tgz 0ms (cache hit)
524 http cache qs@https://registry.npmjs.org/qs/-/qs-6.14.1.tgz 0ms (cache hit)
525 http cache proxy-addr@https://registry.npmjs.org/proxy-addr/-/proxy-addr-2.0.7.tgz 1ms (cache hit)
526 http cache parseurl@https://registry.npmjs.org/parseurl/-/parseurl-1.3.3.tgz 0ms (cache hit)
527 http cache once@https://registry.npmjs.org/once/-/once-1.4.0.tgz 0ms (cache hit)
528 http cache on-finished@https://registry.npmjs.org/on-finished/-/on-finished-2.4.1.tgz 0ms (cache hit)
529 http cache mime-types@https://registry.npmjs.org/mime-types/-/mime-types-3.0.2.tgz 0ms (cache hit)
530 http cache merge-descriptors@https://registry.npmjs.org/merge-descriptors/-/merge-descriptors-2.0.0.tgz 0ms (cache hit)
531 http cache http-errors@https://registry.npmjs.org/http-errors/-/http-errors-2.0.1.tgz 1ms (cache hit)
532 http cache fresh@https://registry.npmjs.org/fresh/-/fresh-2.0.0.tgz 1ms (cache hit)
533 http cache finalhandler@https://registry.npmjs.org/finalhandler/-/finalhandler-2.1.1.tgz 0ms (cache hit)
534 http cache etag@https://registry.npmjs.org/etag/-/etag-1.8.1.tgz 1ms (cache hit)
535 http cache escape-html@https://registry.npmjs.org/escape-html/-/escape-html-1.0.3.tgz 0ms (cache hit)
536 http cache encodeurl@https://registry.npmjs.org/encodeurl/-/encodeurl-2.0.0.tgz 1ms (cache hit)
537 http cache depd@https://registry.npmjs.org/depd/-/depd-2.0.0.tgz 0ms (cache hit)
538 http cache debug@https://registry.npmjs.org/debug/-/debug-4.4.3.tgz 0ms (cache hit)
539 http cache cookie-signature@https://registry.npmjs.org/cookie-signature/-/cookie-signature-1.2.2.tgz 0ms (cache hit)
540 http cache cookie@https://registry.npmjs.org/cookie/-/cookie-0.7.2.tgz 0ms (cache hit)
541 http cache content-type@https://registry.npmjs.org/content-type/-/content-type-1.0.5.tgz 1ms (cache hit)
542 http cache content-disposition@https://registry.npmjs.org/content-disposition/-/content-disposition-1.0.1.tgz 0ms (cache hit)
543 http cache body-parser@https://registry.npmjs.org/body-parser/-/body-parser-2.2.2.tgz 0ms (cache hit)
544 http cache accepts@https://registry.npmjs.org/accepts/-/accepts-2.0.0.tgz 1ms (cache hit)
545 http cache vary@https://registry.npmjs.org/vary/-/vary-1.1.2.tgz 0ms (cache hit)
546 http cache object-assign@https://registry.npmjs.org/object-assign/-/object-assign-4.1.1.tgz 0ms (cache hit)
547 http cache socket.io@https://registry.npmjs.org/socket.io/-/socket.io-4.8.3.tgz 1ms (cache hit)
548 http cache express@https://registry.npmjs.org/express/-/express-5.2.1.tgz 0ms (cache hit)
549 http cache bcryptjs@https://registry.npmjs.org/bcryptjs/-/bcryptjs-3.0.3.tgz 0ms (cache hit)
550 http cache cors@https://registry.npmjs.org/cors/-/cors-2.8.6.tgz 0ms (cache hit)
551 http cache mime-db@https://registry.npmjs.org/mime-db/-/mime-db-1.52.0.tgz 0ms (cache hit)
552 http cache negotiator@https://registry.npmjs.org/negotiator/-/negotiator-0.6.3.tgz 0ms (cache hit)
553 http cache mime-types@https://registry.npmjs.org/mime-types/-/mime-types-2.1.35.tgz 1ms (cache hit)
554 http cache accepts@https://registry.npmjs.org/accepts/-/accepts-1.3.8.tgz 0ms (cache hit)
555 http cache mime-db@https://registry.npmjs.org/mime-db/-/mime-db-1.52.0.tgz 0ms (cache hit)
556 http cache negotiator@https://registry.npmjs.org/negotiator/-/negotiator-0.6.3.tgz 0ms (cache hit)
557 http cache mime-types@https://registry.npmjs.org/mime-types/-/mime-types-2.1.35.tgz 0ms (cache hit)
558 http cache accepts@https://registry.npmjs.org/accepts/-/accepts-1.3.8.tgz 1ms (cache hit)
559 silly tarball no local data for bcryptjs@https://registry.npmjs.org/bcryptjs/-/bcryptjs-3.0.3.tgz. Extracting by manifest.
560 http fetch POST 200 https://registry.npmjs.org/-/npm/v1/security/advisories/bulk 1739ms
561 silly audit report {}
562 http fetch GET 200 https://registry.npmjs.org/bcryptjs/-/bcryptjs-3.0.3.tgz 2309ms (cache miss)
563 silly ADD node_modules/media-typer
564 silly ADD node_modules/@socket.io/component-emitter
565 silly ADD node_modules/undici-types
566 silly ADD node_modules/ws
567 silly ADD node_modules/engine.io-parser
568 silly ADD node_modules/@types/node
569 silly ADD node_modules/@types/cors
570 silly ADD node_modules/socket.io-parser
571 silly ADD node_modules/socket.io-adapter
572 silly ADD node_modules/engine.io
573 silly ADD node_modules/engine.io/node_modules/mime-db
574 silly ADD node_modules/engine.io/node_modules/negotiator
575 silly ADD node_modules/engine.io/node_modules/mime-types
576 silly ADD node_modules/engine.io/node_modules/accepts
577 silly ADD node_modules/base64id
578 silly ADD node_modules/dunder-proto
579 silly ADD node_modules/math-intrinsics
580 silly ADD node_modules/hasown
581 silly ADD node_modules/has-symbols
582 silly ADD node_modules/gopd
583 silly ADD node_modules/get-proto
584 silly ADD node_modules/es-object-atoms
585 silly ADD node_modules/es-define-property
586 silly ADD node_modules/function-bind
587 silly ADD node_modules/call-bind-apply-helpers
588 silly ADD node_modules/get-intrinsic
589 silly ADD node_modules/call-bound
590 silly ADD node_modules/side-channel-weakmap
591 silly ADD node_modules/side-channel-map
592 silly ADD node_modules/side-channel-list
593 silly ADD node_modules/object-inspect
594 silly ADD node_modules/es-errors
595 silly ADD node_modules/path-to-regexp
596 silly ADD node_modules/is-promise
597 silly ADD node_modules/unpipe
598 silly ADD node_modules/side-channel
599 silly ADD node_modules/ipaddr.js
600 silly ADD node_modules/forwarded
601 silly ADD node_modules/wrappy
602 silly ADD node_modules/ee-first
603 silly ADD node_modules/mime-db
604 silly ADD node_modules/safer-buffer
605 silly ADD node_modules/toidentifier
606 silly ADD node_modules/setprototypeof
607 silly ADD node_modules/inherits
608 silly ADD node_modules/ms
609 silly ADD node_modules/raw-body
610 silly ADD node_modules/iconv-lite
611 silly ADD node_modules/bytes
612 silly ADD node_modules/negotiator
613 silly ADD node_modules/type-is
614 silly ADD node_modules/statuses
615 silly ADD node_modules/serve-static
616 silly ADD node_modules/send
617 silly ADD node_modules/router
618 silly ADD node_modules/range-parser
619 silly ADD node_modules/qs
620 silly ADD node_modules/proxy-addr
621 silly ADD node_modules/parseurl
622 silly ADD node_modules/once
623 silly ADD node_modules/on-finished
624 silly ADD node_modules/mime-types
625 silly ADD node_modules/merge-descriptors
626 silly ADD node_modules/http-errors
627 silly ADD node_modules/fresh
628 silly ADD node_modules/finalhandler
629 silly ADD node_modules/etag
630 silly ADD node_modules/escape-html
631 silly ADD node_modules/encodeurl
632 silly ADD node_modules/depd
633 silly ADD node_modules/debug
634 silly ADD node_modules/cookie-signature
635 silly ADD node_modules/cookie
636 silly ADD node_modules/content-type
637 silly ADD node_modules/content-disposition
638 silly ADD node_modules/body-parser
639 silly ADD node_modules/accepts
640 silly ADD node_modules/vary
641 silly ADD node_modules/object-assign
642 silly ADD node_modules/socket.io
643 silly ADD node_modules/socket.io/node_modules/mime-db
644 silly ADD node_modules/socket.io/node_modules/negotiator
645 silly ADD node_modules/socket.io/node_modules/mime-types
646 silly ADD node_modules/socket.io/node_modules/accepts
647 silly ADD node_modules/express
648 silly ADD node_modules/cors
649 silly ADD node_modules/bcryptjs
650 verbose cwd /data/data/com.termux/files/home/color-wars-arena
651 verbose os Linux 4.9.190-perf-g0e966e90518f
652 verbose node v25.3.0
653 verbose npm  v11.8.0
654 verbose exit 0
655 info ok
